{"/home/travis/build/npmtest/node-npmtest-figlet/test.js":{"path":"/home/travis/build/npmtest/node-npmtest-figlet/test.js","s":{"1":2,"2":2,"3":2,"4":2,"5":2,"6":2,"7":2,"8":1,"9":2,"10":2,"11":1,"12":1,"13":1,"14":1,"15":2,"16":2,"17":2,"18":2,"19":1,"20":1,"21":2,"22":2,"23":2,"24":1,"25":1,"26":1,"27":1,"28":1,"29":1,"30":1,"31":1,"32":1,"33":1,"34":1,"35":1,"36":1,"37":1,"38":1,"39":2,"40":2,"41":1,"42":2,"43":2,"44":1,"45":2,"46":2,"47":1,"48":2,"49":2,"50":1,"51":1,"52":1,"53":1,"54":1},"b":{"1":[2,1,1,1],"2":[1,1,1,1],"3":[1,1],"4":[1,1],"5":[1,1],"6":[1,1],"7":[1,1],"8":[1,1],"9":[1,1],"10":[1,1,1],"11":[1,1],"12":[1,1],"13":[1,1],"14":[1,1],"15":[1,1],"16":[1,1],"17":[1,1]},"f":{"1":2,"2":2,"3":2,"4":2,"5":2,"6":1,"7":1,"8":1,"9":2,"10":2,"11":2,"12":2,"13":1},"fnMap":{"1":{"name":"(anonymous_1)","line":12,"loc":{"start":{"line":12,"column":1},"end":{"line":12,"column":13}}},"2":{"name":"(anonymous_2)","line":19,"loc":{"start":{"line":19,"column":5},"end":{"line":19,"column":17}}},"3":{"name":"(anonymous_3)","line":23,"loc":{"start":{"line":23,"column":24},"end":{"line":23,"column":36}}},"4":{"name":"(anonymous_4)","line":61,"loc":{"start":{"line":61,"column":5},"end":{"line":61,"column":17}}},"5":{"name":"(anonymous_5)","line":82,"loc":{"start":{"line":82,"column":5},"end":{"line":82,"column":17}}},"6":{"name":"(anonymous_6)","line":91,"loc":{"start":{"line":91,"column":77},"end":{"line":94,"column":10}}},"7":{"name":"(anonymous_7)","line":112,"loc":{"start":{"line":112,"column":83},"end":{"line":115,"column":10}},"skip":true},"8":{"name":"(anonymous_8)","line":123,"loc":{"start":{"line":123,"column":77},"end":{"line":126,"column":10}},"skip":true},"9":{"name":"(anonymous_9)","line":139,"loc":{"start":{"line":139,"column":12},"end":{"line":139,"column":40}},"skip":true},"10":{"name":"(anonymous_10)","line":147,"loc":{"start":{"line":147,"column":77},"end":{"line":150,"column":10}},"skip":true},"11":{"name":"(anonymous_11)","line":158,"loc":{"start":{"line":158,"column":83},"end":{"line":161,"column":10}},"skip":true},"12":{"name":"(anonymous_12)","line":169,"loc":{"start":{"line":169,"column":79},"end":{"line":172,"column":10}},"skip":true},"13":{"name":"(anonymous_13)","line":180,"loc":{"start":{"line":180,"column":75},"end":{"line":183,"column":10}},"skip":true}},"statementMap":{"1":{"start":{"line":12,"column":0},"end":{"line":195,"column":5}},"2":{"start":{"line":14,"column":4},"end":{"line":14,"column":14}},"3":{"start":{"line":19,"column":4},"end":{"line":56,"column":9}},"4":{"start":{"line":21,"column":8},"end":{"line":21,"column":19}},"5":{"start":{"line":23,"column":8},"end":{"line":35,"column":13}},"6":{"start":{"line":24,"column":12},"end":{"line":34,"column":13}},"7":{"start":{"line":25,"column":16},"end":{"line":28,"column":30}},"8":{"start":{"line":30,"column":16},"end":{"line":33,"column":27}},"9":{"start":{"line":37,"column":8},"end":{"line":39,"column":21}},"10":{"start":{"line":40,"column":8},"end":{"line":53,"column":9}},"11":{"start":{"line":43,"column":12},"end":{"line":46,"column":14}},"12":{"start":{"line":47,"column":12},"end":{"line":47,"column":18}},"13":{"start":{"line":50,"column":12},"end":{"line":51,"column":33}},"14":{"start":{"line":52,"column":12},"end":{"line":52,"column":18}},"15":{"start":{"line":55,"column":8},"end":{"line":55,"column":35}},"16":{"start":{"line":61,"column":4},"end":{"line":63,"column":9}},"17":{"start":{"line":62,"column":8},"end":{"line":62,"column":15}},"18":{"start":{"line":64,"column":4},"end":{"line":77,"column":5}},"19":{"start":{"line":70,"column":8},"end":{"line":70,"column":14}},"20":{"start":{"line":76,"column":8},"end":{"line":76,"column":14}},"21":{"start":{"line":82,"column":4},"end":{"line":84,"column":9}},"22":{"start":{"line":83,"column":8},"end":{"line":83,"column":15}},"23":{"start":{"line":85,"column":4},"end":{"line":194,"column":5}},"24":{"start":{"line":91,"column":8},"end":{"line":99,"column":10}},"25":{"start":{"line":98,"column":12},"end":{"line":98,"column":35}},"26":{"start":{"line":102,"column":8},"end":{"line":104,"column":63}},"27":{"start":{"line":105,"column":8},"end":{"line":105,"column":14}},"28":{"start":{"line":112,"column":8},"end":{"line":121,"column":10},"skip":true},"29":{"start":{"line":119,"column":12},"end":{"line":119,"column":55},"skip":true},"30":{"start":{"line":120,"column":12},"end":{"line":120,"column":48},"skip":true},"31":{"start":{"line":123,"column":8},"end":{"line":136,"column":10},"skip":true},"32":{"start":{"line":130,"column":12},"end":{"line":130,"column":76},"skip":true},"33":{"start":{"line":131,"column":12},"end":{"line":131,"column":73},"skip":true},"34":{"start":{"line":132,"column":12},"end":{"line":132,"column":74},"skip":true},"35":{"start":{"line":133,"column":12},"end":{"line":133,"column":79},"skip":true},"36":{"start":{"line":134,"column":12},"end":{"line":134,"column":25},"skip":true},"37":{"start":{"line":135,"column":12},"end":{"line":135,"column":45},"skip":true},"38":{"start":{"line":138,"column":8},"end":{"line":145,"column":14},"skip":true},"39":{"start":{"line":143,"column":16},"end":{"line":143,"column":29},"skip":true},"40":{"start":{"line":144,"column":16},"end":{"line":144,"column":55},"skip":true},"41":{"start":{"line":147,"column":8},"end":{"line":156,"column":10},"skip":true},"42":{"start":{"line":154,"column":12},"end":{"line":154,"column":25},"skip":true},"43":{"start":{"line":155,"column":12},"end":{"line":155,"column":45},"skip":true},"44":{"start":{"line":158,"column":8},"end":{"line":167,"column":10},"skip":true},"45":{"start":{"line":165,"column":12},"end":{"line":165,"column":25},"skip":true},"46":{"start":{"line":166,"column":12},"end":{"line":166,"column":48},"skip":true},"47":{"start":{"line":169,"column":8},"end":{"line":178,"column":10},"skip":true},"48":{"start":{"line":176,"column":12},"end":{"line":176,"column":25},"skip":true},"49":{"start":{"line":177,"column":12},"end":{"line":177,"column":46},"skip":true},"50":{"start":{"line":180,"column":8},"end":{"line":189,"column":10},"skip":true},"51":{"start":{"line":187,"column":12},"end":{"line":187,"column":94},"skip":true},"52":{"start":{"line":188,"column":12},"end":{"line":188,"column":48},"skip":true},"53":{"start":{"line":192,"column":8},"end":{"line":192,"column":35},"skip":true},"54":{"start":{"line":193,"column":8},"end":{"line":193,"column":14},"skip":true}},"branchMap":{"1":{"line":25,"type":"binary-expr","locations":[{"start":{"line":25,"column":23},"end":{"line":25,"column":62}},{"start":{"line":26,"column":20},"end":{"line":26,"column":70}},{"start":{"line":27,"column":20},"end":{"line":27,"column":71}},{"start":{"line":28,"column":20},"end":{"line":28,"column":29}}]},"2":{"line":30,"type":"binary-expr","locations":[{"start":{"line":30,"column":23},"end":{"line":30,"column":37}},{"start":{"line":31,"column":20},"end":{"line":31,"column":61}},{"start":{"line":32,"column":20},"end":{"line":32,"column":70}},{"start":{"line":33,"column":20},"end":{"line":33,"column":26}}]},"3":{"line":37,"type":"cond-expr","locations":[{"start":{"line":38,"column":14},"end":{"line":38,"column":20}},{"start":{"line":39,"column":14},"end":{"line":39,"column":20}}]},"4":{"line":40,"type":"switch","locations":[{"start":{"line":42,"column":8},"end":{"line":47,"column":18}},{"start":{"line":49,"column":8},"end":{"line":52,"column":18}}]},"5":{"line":44,"type":"binary-expr","locations":[{"start":{"line":44,"column":16},"end":{"line":44,"column":44}},{"start":{"line":44,"column":48},"end":{"line":44,"column":66}}]},"6":{"line":50,"type":"binary-expr","locations":[{"start":{"line":50,"column":21},"end":{"line":50,"column":49}},{"start":{"line":50,"column":53},"end":{"line":50,"column":72}}]},"7":{"line":64,"type":"switch","locations":[{"start":{"line":69,"column":4},"end":{"line":70,"column":14}},{"start":{"line":75,"column":4},"end":{"line":76,"column":14}}]},"8":{"line":85,"type":"switch","locations":[{"start":{"line":90,"column":4},"end":{"line":105,"column":14}},{"start":{"line":111,"column":4},"end":{"line":193,"column":14},"skip":true}]},"9":{"line":91,"type":"binary-expr","locations":[{"start":{"line":91,"column":42},"end":{"line":91,"column":73}},{"start":{"line":91,"column":77},"end":{"line":99,"column":9}}]},"10":{"line":102,"type":"binary-expr","locations":[{"start":{"line":102,"column":18},"end":{"line":102,"column":32}},{"start":{"line":103,"column":12},"end":{"line":103,"column":53}},{"start":{"line":104,"column":12},"end":{"line":104,"column":61}}]},"11":{"line":112,"type":"binary-expr","locations":[{"start":{"line":112,"column":45},"end":{"line":112,"column":79},"skip":true},{"start":{"line":112,"column":83},"end":{"line":121,"column":9},"skip":true}]},"12":{"line":123,"type":"binary-expr","locations":[{"start":{"line":123,"column":42},"end":{"line":123,"column":73},"skip":true},{"start":{"line":123,"column":77},"end":{"line":136,"column":9},"skip":true}]},"13":{"line":138,"type":"binary-expr","locations":[{"start":{"line":138,"column":48},"end":{"line":138,"column":85},"skip":true},{"start":{"line":139,"column":12},"end":{"line":145,"column":13},"skip":true}]},"14":{"line":147,"type":"binary-expr","locations":[{"start":{"line":147,"column":42},"end":{"line":147,"column":73},"skip":true},{"start":{"line":147,"column":77},"end":{"line":156,"column":9},"skip":true}]},"15":{"line":158,"type":"binary-expr","locations":[{"start":{"line":158,"column":45},"end":{"line":158,"column":79},"skip":true},{"start":{"line":158,"column":83},"end":{"line":167,"column":9},"skip":true}]},"16":{"line":169,"type":"binary-expr","locations":[{"start":{"line":169,"column":43},"end":{"line":169,"column":75},"skip":true},{"start":{"line":169,"column":79},"end":{"line":178,"column":9},"skip":true}]},"17":{"line":180,"type":"binary-expr","locations":[{"start":{"line":180,"column":41},"end":{"line":180,"column":71},"skip":true},{"start":{"line":180,"column":75},"end":{"line":189,"column":9},"skip":true}]}},"code":["/* istanbul instrument in package npmtest_figlet */","/*jslint","    bitwise: true,","    browser: true,","    maxerr: 8,","    maxlen: 96,","    node: true,","    nomen: true,","    regexp: true,","    stupid: true","*/","(function () {","    'use strict';","    var local;","","","","    // run shared js-env code - pre-init","    (function () {","        // init local","        local = {};","        // init modeJs","        local.modeJs = (function () {","            try {","                return typeof navigator.userAgent === 'string' &&","                    typeof document.querySelector('body') === 'object' &&","                    typeof XMLHttpRequest.prototype.open === 'function' &&","                    'browser';","            } catch (errorCaughtBrowser) {","                return module.exports &&","                    typeof process.versions.node === 'string' &&","                    typeof require('http').createServer === 'function' &&","                    'node';","            }","        }());","        // init global","        local.global = local.modeJs === 'browser'","            ? window","            : global;","        switch (local.modeJs) {","        // re-init local from window.local","        case 'browser':","            local = local.global.utility2.objectSetDefault(","                local.global.utility2_rollup || local.global.local,","                local.global.utility2","            );","            break;","        // re-init local from example.js","        case 'node':","            local = (local.global.utility2_rollup || require('utility2'))","                .requireReadme();","            break;","        }","        // export local","        local.global.local = local;","    }());","","","","    // run shared js-env code - function","    (function () {","        return;","    }());","    switch (local.modeJs) {","","","","    // run browser js-env code - function","    case 'browser':","        break;","","","","    // run node js-env code - function","    case 'node':","        break;","    }","","","","    // run shared js-env code - post-init","    (function () {","        return;","    }());","    switch (local.modeJs) {","","","","    // run browser js-env code - post-init","    case 'browser':","        local.testCase_browser_nullCase = local.testCase_browser_nullCase || function (","            options,","            onError","        ) {","        /*","         * this function will test browsers's null-case handling-behavior-behavior","         */","            onError(null, options);","        };","","        // run tests","        local.nop(local.modeTest &&","            document.querySelector('#testRunButton1') &&","            document.querySelector('#testRunButton1').click());","        break;","","","","    // run node js-env code - post-init","    /* istanbul ignore next */","    case 'node':","        local.testCase_buildApidoc_default = local.testCase_buildApidoc_default || function (","            options,","            onError","        ) {","        /*","         * this function will test buildApidoc's default handling-behavior-behavior","         */","            options = { modulePathList: module.paths };","            local.buildApidoc(options, onError);","        };","","        local.testCase_buildApp_default = local.testCase_buildApp_default || function (","            options,","            onError","        ) {","        /*","         * this function will test buildApp's default handling-behavior-behavior","         */","            local.testCase_buildReadme_default(options, local.onErrorThrow);","            local.testCase_buildLib_default(options, local.onErrorThrow);","            local.testCase_buildTest_default(options, local.onErrorThrow);","            local.testCase_buildCustomOrg_default(options, local.onErrorThrow);","            options = [];","            local.buildApp(options, onError);","        };","","        local.testCase_buildCustomOrg_default = local.testCase_buildCustomOrg_default ||","            function (options, onError) {","            /*","             * this function will test buildCustomOrg's default handling-behavior","             */","                options = {};","                local.buildCustomOrg(options, onError);","            };","","        local.testCase_buildLib_default = local.testCase_buildLib_default || function (","            options,","            onError","        ) {","        /*","         * this function will test buildLib's default handling-behavior","         */","            options = {};","            local.buildLib(options, onError);","        };","","        local.testCase_buildReadme_default = local.testCase_buildReadme_default || function (","            options,","            onError","        ) {","        /*","         * this function will test buildReadme's default handling-behavior-behavior","         */","            options = {};","            local.buildReadme(options, onError);","        };","","        local.testCase_buildTest_default = local.testCase_buildTest_default || function (","            options,","            onError","        ) {","        /*","         * this function will test buildTest's default handling-behavior","         */","            options = {};","            local.buildTest(options, onError);","        };","","        local.testCase_webpage_default = local.testCase_webpage_default || function (","            options,","            onError","        ) {","        /*","         * this function will test webpage's default handling-behavior","         */","            options = { modeCoverageMerge: true, url: local.serverLocalHost + '?modeTest=1' };","            local.browserTest(options, onError);","        };","","        // run test-server","        local.testRunServer(local);","        break;","    }","}());",""],"l":{"12":2,"14":2,"19":2,"21":2,"23":2,"24":2,"25":2,"30":1,"37":2,"40":2,"43":1,"47":1,"50":1,"52":1,"55":2,"61":2,"62":2,"64":2,"70":1,"76":1,"82":2,"83":2,"85":2,"91":1,"98":1,"102":1,"105":1,"112":1,"119":1,"120":1,"123":1,"130":1,"131":1,"132":1,"133":1,"134":1,"135":1,"138":1,"143":2,"144":2,"147":1,"154":2,"155":2,"158":1,"165":2,"166":2,"169":1,"176":2,"177":2,"180":1,"187":1,"188":1,"192":1,"193":1}},"/home/travis/build/npmtest/node-npmtest-figlet/lib.npmtest_figlet.js":{"path":"/home/travis/build/npmtest/node-npmtest-figlet/lib.npmtest_figlet.js","s":{"1":2,"2":2,"3":2,"4":2,"5":2,"6":2,"7":2,"8":1,"9":2,"10":2,"11":2,"12":2,"13":1,"14":1,"15":1,"16":1},"b":{"1":[2,1,1,1],"2":[1,1,1,1],"3":[1,1],"4":[2,2],"5":[1,1]},"f":{"1":2,"2":2,"3":2},"fnMap":{"1":{"name":"(anonymous_1)","line":12,"loc":{"start":{"line":12,"column":1},"end":{"line":12,"column":13}}},"2":{"name":"(anonymous_2)","line":19,"loc":{"start":{"line":19,"column":5},"end":{"line":19,"column":17}}},"3":{"name":"(anonymous_3)","line":23,"loc":{"start":{"line":23,"column":24},"end":{"line":23,"column":36}}}},"statementMap":{"1":{"start":{"line":12,"column":0},"end":{"line":53,"column":5}},"2":{"start":{"line":14,"column":4},"end":{"line":14,"column":14}},"3":{"start":{"line":19,"column":4},"end":{"line":52,"column":9}},"4":{"start":{"line":21,"column":8},"end":{"line":21,"column":19}},"5":{"start":{"line":23,"column":8},"end":{"line":35,"column":13}},"6":{"start":{"line":24,"column":12},"end":{"line":34,"column":13}},"7":{"start":{"line":25,"column":16},"end":{"line":28,"column":30}},"8":{"start":{"line":30,"column":16},"end":{"line":33,"column":27}},"9":{"start":{"line":37,"column":8},"end":{"line":39,"column":21}},"10":{"start":{"line":41,"column":8},"end":{"line":41,"column":54}},"11":{"start":{"line":43,"column":8},"end":{"line":43,"column":51}},"12":{"start":{"line":45,"column":8},"end":{"line":51,"column":9}},"13":{"start":{"line":46,"column":12},"end":{"line":46,"column":57}},"14":{"start":{"line":48,"column":12},"end":{"line":48,"column":35}},"15":{"start":{"line":49,"column":12},"end":{"line":49,"column":49}},"16":{"start":{"line":50,"column":12},"end":{"line":50,"column":43}}},"branchMap":{"1":{"line":25,"type":"binary-expr","locations":[{"start":{"line":25,"column":23},"end":{"line":25,"column":62}},{"start":{"line":26,"column":20},"end":{"line":26,"column":70}},{"start":{"line":27,"column":20},"end":{"line":27,"column":71}},{"start":{"line":28,"column":20},"end":{"line":28,"column":29}}]},"2":{"line":30,"type":"binary-expr","locations":[{"start":{"line":30,"column":23},"end":{"line":30,"column":37}},{"start":{"line":31,"column":20},"end":{"line":31,"column":61}},{"start":{"line":32,"column":20},"end":{"line":32,"column":70}},{"start":{"line":33,"column":20},"end":{"line":33,"column":26}}]},"3":{"line":37,"type":"cond-expr","locations":[{"start":{"line":38,"column":14},"end":{"line":38,"column":20}},{"start":{"line":39,"column":14},"end":{"line":39,"column":20}}]},"4":{"line":41,"type":"binary-expr","locations":[{"start":{"line":41,"column":16},"end":{"line":41,"column":44}},{"start":{"line":41,"column":48},"end":{"line":41,"column":53}}]},"5":{"line":45,"type":"if","locations":[{"start":{"line":45,"column":8},"end":{"line":45,"column":8}},{"start":{"line":45,"column":8},"end":{"line":45,"column":8}}]}},"code":["/* istanbul instrument in package npmtest_figlet */","/*jslint","    bitwise: true,","    browser: true,","    maxerr: 8,","    maxlen: 96,","    node: true,","    nomen: true,","    regexp: true,","    stupid: true","*/","(function () {","    'use strict';","    var local;","","","","    // run shared js-env code - pre-init","    (function () {","        // init local","        local = {};","        // init modeJs","        local.modeJs = (function () {","            try {","                return typeof navigator.userAgent === 'string' &&","                    typeof document.querySelector('body') === 'object' &&","                    typeof XMLHttpRequest.prototype.open === 'function' &&","                    'browser';","            } catch (errorCaughtBrowser) {","                return module.exports &&","                    typeof process.versions.node === 'string' &&","                    typeof require('http').createServer === 'function' &&","                    'node';","            }","        }());","        // init global","        local.global = local.modeJs === 'browser'","            ? window","            : global;","        // init utility2_rollup","        local = local.global.utility2_rollup || local;","        // init lib","        local.local = local.npmtest_figlet = local;","        // init exports","        if (local.modeJs === 'browser') {","            local.global.utility2_npmtest_figlet = local;","        } else {","            module.exports = local;","            module.exports.__dirname = __dirname;","            module.exports.module = module;","        }","    }());","}());",""],"l":{"12":2,"14":2,"19":2,"21":2,"23":2,"24":2,"25":2,"30":1,"37":2,"41":2,"43":2,"45":2,"46":1,"48":1,"49":1,"50":1}},"/home/travis/build/npmtest/node-npmtest-figlet/example.js":{"path":"/home/travis/build/npmtest/node-npmtest-figlet/example.js","s":{"1":2,"2":2,"3":2,"4":2,"5":2,"6":2,"7":2,"8":1,"9":2,"10":2,"11":2,"12":2,"13":1,"14":2,"15":2,"16":2,"17":2,"18":2,"19":0,"20":2,"21":1,"22":1,"23":1,"24":1,"25":1,"26":0,"27":0,"28":1,"29":1,"30":2,"31":0,"32":0,"33":0,"34":1,"35":2,"36":2,"37":3,"38":3,"39":3,"40":3,"41":0,"42":3,"43":3,"44":3,"45":1,"46":3,"47":1,"48":1,"49":1,"50":1,"51":1,"52":1,"53":1,"54":1,"55":1,"56":1,"57":0,"58":1,"59":6,"60":6,"61":1,"62":2,"63":0,"64":2,"65":1,"66":1,"67":0,"68":0,"69":0,"70":0,"71":0,"72":0,"73":0,"74":0,"75":0,"76":0,"77":0,"78":0,"79":0,"80":0,"81":0,"82":0,"83":0},"b":{"1":[2,1,1,1],"2":[1,1,1,1],"3":[1,1],"4":[2,2],"5":[1,1],"6":[1,1],"7":[2,0],"8":[2,1,1,1,1,1],"9":[0,2,0],"10":[1,1],"11":[2,1,1],"12":[1,0],"13":[0,2],"14":[2,0,0,0,0,0,0],"15":[0,3],"16":[3,0],"17":[1,1],"18":[0,1],"19":[1,2,0,2],"20":[1,0],"21":[1,1],"22":[0,0],"23":[0,0],"24":[0,0],"25":[0,0],"26":[0,0],"27":[0,0],"28":[0,0]},"f":{"1":2,"2":2,"3":2,"4":2,"5":2,"6":2,"7":3,"8":3,"9":3,"10":1,"11":6,"12":0},"fnMap":{"1":{"name":"(anonymous_1)","line":26,"loc":{"start":{"line":26,"column":1},"end":{"line":26,"column":13}}},"2":{"name":"(anonymous_2)","line":33,"loc":{"start":{"line":33,"column":5},"end":{"line":33,"column":17}}},"3":{"name":"(anonymous_3)","line":37,"loc":{"start":{"line":37,"column":24},"end":{"line":37,"column":36}}},"4":{"name":"(anonymous_4)","line":69,"loc":{"start":{"line":69,"column":31},"end":{"line":69,"column":48}},"skip":true},"5":{"name":"(anonymous_5)","line":78,"loc":{"start":{"line":78,"column":26},"end":{"line":78,"column":45}},"skip":true},"6":{"name":"(anonymous_6)","line":123,"loc":{"start":{"line":123,"column":33},"end":{"line":123,"column":48}},"skip":true},"7":{"name":"(anonymous_7)","line":125,"loc":{"start":{"line":125,"column":27},"end":{"line":125,"column":39}},"skip":true},"8":{"name":"(anonymous_8)","line":133,"loc":{"start":{"line":133,"column":59},"end":{"line":133,"column":74}},"skip":true},"9":{"name":"(anonymous_9)","line":143,"loc":{"start":{"line":143,"column":45},"end":{"line":143,"column":62}},"skip":true},"10":{"name":"(anonymous_10)","line":144,"loc":{"start":{"line":144,"column":73},"end":{"line":144,"column":92}},"skip":true},"11":{"name":"(anonymous_11)","line":272,"loc":{"start":{"line":272,"column":51},"end":{"line":272,"column":77}},"skip":true},"12":{"name":"(anonymous_12)","line":315,"loc":{"start":{"line":315,"column":32},"end":{"line":315,"column":61}},"skip":true}},"statementMap":{"1":{"start":{"line":26,"column":0},"end":{"line":326,"column":5}},"2":{"start":{"line":28,"column":4},"end":{"line":28,"column":14}},"3":{"start":{"line":33,"column":4},"end":{"line":60,"column":9}},"4":{"start":{"line":35,"column":8},"end":{"line":35,"column":19}},"5":{"start":{"line":37,"column":8},"end":{"line":49,"column":13}},"6":{"start":{"line":38,"column":12},"end":{"line":48,"column":13}},"7":{"start":{"line":39,"column":16},"end":{"line":42,"column":30}},"8":{"start":{"line":44,"column":16},"end":{"line":47,"column":27}},"9":{"start":{"line":51,"column":8},"end":{"line":53,"column":21}},"10":{"start":{"line":55,"column":8},"end":{"line":57,"column":45}},"11":{"start":{"line":59,"column":8},"end":{"line":59,"column":35}},"12":{"start":{"line":61,"column":4},"end":{"line":325,"column":5}},"13":{"start":{"line":69,"column":8},"end":{"line":121,"column":10},"skip":true},"14":{"start":{"line":70,"column":12},"end":{"line":88,"column":13},"skip":true},"15":{"start":{"line":76,"column":16},"end":{"line":87,"column":19},"skip":true},"16":{"start":{"line":79,"column":20},"end":{"line":86,"column":21},"skip":true},"17":{"start":{"line":82,"column":24},"end":{"line":82,"column":43},"skip":true},"18":{"start":{"line":83,"column":24},"end":{"line":83,"column":30},"skip":true},"19":{"start":{"line":85,"column":24},"end":{"line":85,"column":49},"skip":true},"20":{"start":{"line":89,"column":12},"end":{"line":107,"column":13},"skip":true},"21":{"start":{"line":92,"column":16},"end":{"line":102,"column":17},"skip":true},"22":{"start":{"line":93,"column":20},"end":{"line":93,"column":86},"skip":true},"23":{"start":{"line":94,"column":20},"end":{"line":95,"column":45},"skip":true},"24":{"start":{"line":96,"column":20},"end":{"line":96,"column":42},"skip":true},"25":{"start":{"line":97,"column":20},"end":{"line":97,"column":48},"skip":true},"26":{"start":{"line":100,"column":20},"end":{"line":100,"column":85},"skip":true},"27":{"start":{"line":101,"column":20},"end":{"line":101,"column":96},"skip":true},"28":{"start":{"line":103,"column":16},"end":{"line":103,"column":22},"skip":true},"29":{"start":{"line":106,"column":16},"end":{"line":106,"column":22},"skip":true},"30":{"start":{"line":108,"column":12},"end":{"line":120,"column":13},"skip":true},"31":{"start":{"line":114,"column":16},"end":{"line":119,"column":17},"skip":true},"32":{"start":{"line":116,"column":20},"end":{"line":116,"column":78},"skip":true},"33":{"start":{"line":118,"column":20},"end":{"line":118,"column":47},"skip":true},"34":{"start":{"line":123,"column":8},"end":{"line":141,"column":11},"skip":true},"35":{"start":{"line":124,"column":12},"end":{"line":124,"column":54},"skip":true},"36":{"start":{"line":125,"column":12},"end":{"line":140,"column":14},"skip":true},"37":{"start":{"line":126,"column":16},"end":{"line":126,"column":28},"skip":true},"38":{"start":{"line":127,"column":16},"end":{"line":127,"column":69},"skip":true},"39":{"start":{"line":128,"column":16},"end":{"line":128,"column":75},"skip":true},"40":{"start":{"line":129,"column":16},"end":{"line":131,"column":17},"skip":true},"41":{"start":{"line":130,"column":20},"end":{"line":130,"column":27},"skip":true},"42":{"start":{"line":133,"column":16},"end":{"line":137,"column":36},"skip":true},"43":{"start":{"line":134,"column":20},"end":{"line":136,"column":55},"skip":true},"44":{"start":{"line":139,"column":16},"end":{"line":139,"column":57},"skip":true},"45":{"start":{"line":143,"column":8},"end":{"line":147,"column":11},"skip":true},"46":{"start":{"line":144,"column":12},"end":{"line":146,"column":15},"skip":true},"47":{"start":{"line":145,"column":16},"end":{"line":145,"column":70},"skip":true},"48":{"start":{"line":149,"column":8},"end":{"line":149,"column":31},"skip":true},"49":{"start":{"line":150,"column":8},"end":{"line":150,"column":14},"skip":true},"50":{"start":{"line":158,"column":8},"end":{"line":158,"column":31},"skip":true},"51":{"start":{"line":160,"column":8},"end":{"line":160,"column":33},"skip":true},"52":{"start":{"line":161,"column":8},"end":{"line":161,"column":37},"skip":true},"53":{"start":{"line":162,"column":8},"end":{"line":162,"column":35},"skip":true},"54":{"start":{"line":164,"column":8},"end":{"line":164,"column":50},"skip":true},"55":{"start":{"line":166,"column":8},"end":{"line":256,"column":2},"skip":true},"56":{"start":{"line":258,"column":8},"end":{"line":286,"column":9},"skip":true},"57":{"start":{"line":259,"column":12},"end":{"line":269,"column":14},"skip":true},"58":{"start":{"line":271,"column":12},"end":{"line":285,"column":19},"skip":true},"59":{"start":{"line":274,"column":20},"end":{"line":274,"column":35},"skip":true},"60":{"start":{"line":275,"column":20},"end":{"line":284,"column":21},"skip":true},"61":{"start":{"line":277,"column":24},"end":{"line":277,"column":64},"skip":true},"62":{"start":{"line":279,"column":24},"end":{"line":279,"column":40},"skip":true},"63":{"start":{"line":281,"column":24},"end":{"line":281,"column":40},"skip":true},"64":{"start":{"line":283,"column":24},"end":{"line":283,"column":39},"skip":true},"65":{"start":{"line":288,"column":8},"end":{"line":290,"column":9},"skip":true},"66":{"start":{"line":289,"column":12},"end":{"line":289,"column":18},"skip":true},"67":{"start":{"line":291,"column":8},"end":{"line":293,"column":54},"skip":true},"68":{"start":{"line":296,"column":8},"end":{"line":301,"column":37},"skip":true},"69":{"start":{"line":303,"column":8},"end":{"line":303,"column":82},"skip":true},"70":{"start":{"line":306,"column":8},"end":{"line":308,"column":9},"skip":true},"71":{"start":{"line":307,"column":12},"end":{"line":307,"column":82},"skip":true},"72":{"start":{"line":310,"column":8},"end":{"line":312,"column":9},"skip":true},"73":{"start":{"line":311,"column":12},"end":{"line":311,"column":18},"skip":true},"74":{"start":{"line":313,"column":8},"end":{"line":313,"column":54},"skip":true},"75":{"start":{"line":314,"column":8},"end":{"line":314,"column":69},"skip":true},"76":{"start":{"line":315,"column":8},"end":{"line":323,"column":36},"skip":true},"77":{"start":{"line":316,"column":12},"end":{"line":316,"column":61},"skip":true},"78":{"start":{"line":317,"column":12},"end":{"line":320,"column":13},"skip":true},"79":{"start":{"line":318,"column":16},"end":{"line":318,"column":75},"skip":true},"80":{"start":{"line":319,"column":16},"end":{"line":319,"column":23},"skip":true},"81":{"start":{"line":321,"column":12},"end":{"line":321,"column":38},"skip":true},"82":{"start":{"line":322,"column":12},"end":{"line":322,"column":27},"skip":true},"83":{"start":{"line":324,"column":8},"end":{"line":324,"column":14},"skip":true}},"branchMap":{"1":{"line":39,"type":"binary-expr","locations":[{"start":{"line":39,"column":23},"end":{"line":39,"column":62}},{"start":{"line":40,"column":20},"end":{"line":40,"column":70}},{"start":{"line":41,"column":20},"end":{"line":41,"column":71}},{"start":{"line":42,"column":20},"end":{"line":42,"column":29}}]},"2":{"line":44,"type":"binary-expr","locations":[{"start":{"line":44,"column":23},"end":{"line":44,"column":37}},{"start":{"line":45,"column":20},"end":{"line":45,"column":61}},{"start":{"line":46,"column":20},"end":{"line":46,"column":70}},{"start":{"line":47,"column":20},"end":{"line":47,"column":26}}]},"3":{"line":51,"type":"cond-expr","locations":[{"start":{"line":52,"column":14},"end":{"line":52,"column":20}},{"start":{"line":53,"column":14},"end":{"line":53,"column":20}}]},"4":{"line":55,"type":"binary-expr","locations":[{"start":{"line":55,"column":16},"end":{"line":55,"column":44}},{"start":{"line":55,"column":49},"end":{"line":57,"column":43}}]},"5":{"line":55,"type":"cond-expr","locations":[{"start":{"line":56,"column":14},"end":{"line":56,"column":50}},{"start":{"line":57,"column":14},"end":{"line":57,"column":43}}]},"6":{"line":61,"type":"switch","locations":[{"start":{"line":68,"column":4},"end":{"line":150,"column":14},"skip":true},{"start":{"line":156,"column":4},"end":{"line":324,"column":14},"skip":true}]},"7":{"line":70,"type":"if","locations":[{"start":{"line":70,"column":12},"end":{"line":70,"column":12},"skip":true},{"start":{"line":70,"column":12},"end":{"line":70,"column":12},"skip":true}]},"8":{"line":70,"type":"binary-expr","locations":[{"start":{"line":70,"column":16},"end":{"line":70,"column":22},"skip":true},{"start":{"line":70,"column":27},"end":{"line":70,"column":32},"skip":true},{"start":{"line":71,"column":20},"end":{"line":71,"column":39},"skip":true},{"start":{"line":72,"column":20},"end":{"line":72,"column":49},"skip":true},{"start":{"line":73,"column":20},"end":{"line":73,"column":58},"skip":true},{"start":{"line":74,"column":20},"end":{"line":74,"column":69},"skip":true}]},"9":{"line":79,"type":"switch","locations":[{"start":{"line":80,"column":20},"end":{"line":80,"column":33},"skip":true},{"start":{"line":81,"column":20},"end":{"line":83,"column":30},"skip":true},{"start":{"line":84,"column":20},"end":{"line":85,"column":49},"skip":true}]},"10":{"line":89,"type":"switch","locations":[{"start":{"line":90,"column":12},"end":{"line":103,"column":22},"skip":true},{"start":{"line":105,"column":12},"end":{"line":106,"column":22},"skip":true}]},"11":{"line":89,"type":"binary-expr","locations":[{"start":{"line":89,"column":20},"end":{"line":89,"column":25},"skip":true},{"start":{"line":89,"column":29},"end":{"line":89,"column":48},"skip":true},{"start":{"line":89,"column":52},"end":{"line":89,"column":74},"skip":true}]},"12":{"line":92,"type":"if","locations":[{"start":{"line":92,"column":16},"end":{"line":92,"column":16},"skip":true},{"start":{"line":92,"column":16},"end":{"line":92,"column":16},"skip":true}]},"13":{"line":108,"type":"if","locations":[{"start":{"line":108,"column":12},"end":{"line":108,"column":12},"skip":true},{"start":{"line":108,"column":12},"end":{"line":108,"column":12},"skip":true}]},"14":{"line":108,"type":"binary-expr","locations":[{"start":{"line":108,"column":16},"end":{"line":108,"column":61},"skip":true},{"start":{"line":108,"column":66},"end":{"line":108,"column":72},"skip":true},{"start":{"line":108,"column":77},"end":{"line":108,"column":82},"skip":true},{"start":{"line":109,"column":20},"end":{"line":109,"column":39},"skip":true},{"start":{"line":110,"column":20},"end":{"line":110,"column":49},"skip":true},{"start":{"line":111,"column":20},"end":{"line":111,"column":58},"skip":true},{"start":{"line":112,"column":20},"end":{"line":112,"column":68},"skip":true}]},"15":{"line":129,"type":"if","locations":[{"start":{"line":129,"column":16},"end":{"line":129,"column":16},"skip":true},{"start":{"line":129,"column":16},"end":{"line":129,"column":16},"skip":true}]},"16":{"line":134,"type":"cond-expr","locations":[{"start":{"line":135,"column":26},"end":{"line":135,"column":29},"skip":true},{"start":{"line":136,"column":26},"end":{"line":136,"column":54},"skip":true}]},"17":{"line":164,"type":"binary-expr","locations":[{"start":{"line":164,"column":27},"end":{"line":164,"column":43},"skip":true},{"start":{"line":164,"column":47},"end":{"line":164,"column":49},"skip":true}]},"18":{"line":258,"type":"if","locations":[{"start":{"line":258,"column":8},"end":{"line":258,"column":8},"skip":true},{"start":{"line":258,"column":8},"end":{"line":258,"column":8},"skip":true}]},"19":{"line":275,"type":"switch","locations":[{"start":{"line":276,"column":20},"end":{"line":277,"column":64},"skip":true},{"start":{"line":278,"column":20},"end":{"line":279,"column":40},"skip":true},{"start":{"line":280,"column":20},"end":{"line":281,"column":40},"skip":true},{"start":{"line":282,"column":20},"end":{"line":283,"column":39},"skip":true}]},"20":{"line":288,"type":"if","locations":[{"start":{"line":288,"column":8},"end":{"line":288,"column":8},"skip":true},{"start":{"line":288,"column":8},"end":{"line":288,"column":8},"skip":true}]},"21":{"line":288,"type":"binary-expr","locations":[{"start":{"line":288,"column":12},"end":{"line":288,"column":40},"skip":true},{"start":{"line":288,"column":44},"end":{"line":288,"column":67},"skip":true}]},"22":{"line":292,"type":"binary-expr","locations":[{"start":{"line":292,"column":12},"end":{"line":292,"column":50},"skip":true},{"start":{"line":293,"column":12},"end":{"line":293,"column":53},"skip":true}]},"23":{"line":297,"type":"binary-expr","locations":[{"start":{"line":297,"column":12},"end":{"line":297,"column":64},"skip":true},{"start":{"line":298,"column":12},"end":{"line":301,"column":36},"skip":true}]},"24":{"line":303,"type":"binary-expr","locations":[{"start":{"line":303,"column":43},"end":{"line":303,"column":75},"skip":true},{"start":{"line":303,"column":79},"end":{"line":303,"column":81},"skip":true}]},"25":{"line":306,"type":"if","locations":[{"start":{"line":306,"column":8},"end":{"line":306,"column":8},"skip":true},{"start":{"line":306,"column":8},"end":{"line":306,"column":8},"skip":true}]},"26":{"line":310,"type":"if","locations":[{"start":{"line":310,"column":8},"end":{"line":310,"column":8},"skip":true},{"start":{"line":310,"column":8},"end":{"line":310,"column":8},"skip":true}]},"27":{"line":313,"type":"binary-expr","locations":[{"start":{"line":313,"column":27},"end":{"line":313,"column":43},"skip":true},{"start":{"line":313,"column":47},"end":{"line":313,"column":53},"skip":true}]},"28":{"line":317,"type":"if","locations":[{"start":{"line":317,"column":12},"end":{"line":317,"column":12},"skip":true},{"start":{"line":317,"column":12},"end":{"line":317,"column":12},"skip":true}]}},"code":["/*","example.js","","quickstart example","","instruction","    1. save this script as example.js","    2. run the shell command:","        $ npm install npmtest-figlet && PORT=8081 node example.js","    3. play with the browser-demo on http://127.0.0.1:8081","*/","","","","/* istanbul instrument in package npmtest_figlet */","/*jslint","    bitwise: true,","    browser: true,","    maxerr: 8,","    maxlen: 96,","    node: true,","    nomen: true,","    regexp: true,","    stupid: true","*/","(function () {","    'use strict';","    var local;","","","","    // run shared js-env code - pre-init","    (function () {","        // init local","        local = {};","        // init modeJs","        local.modeJs = (function () {","            try {","                return typeof navigator.userAgent === 'string' &&","                    typeof document.querySelector('body') === 'object' &&","                    typeof XMLHttpRequest.prototype.open === 'function' &&","                    'browser';","            } catch (errorCaughtBrowser) {","                return module.exports &&","                    typeof process.versions.node === 'string' &&","                    typeof require('http').createServer === 'function' &&","                    'node';","            }","        }());","        // init global","        local.global = local.modeJs === 'browser'","            ? window","            : global;","        // init utility2_rollup","        local = local.global.utility2_rollup || (local.modeJs === 'browser'","            ? local.global.utility2_npmtest_figlet","            : global.utility2_moduleExports);","        // export local","        local.global.local = local;","    }());","    switch (local.modeJs) {","","","","    // post-init","    // run browser js-env code - post-init","    /* istanbul ignore next */","    case 'browser':","        local.testRunBrowser = function (event) {","            if (!event || (event &&","                    event.currentTarget &&","                    event.currentTarget.className &&","                    event.currentTarget.className.includes &&","                    event.currentTarget.className.includes('onreset'))) {","                // reset output","                Array.from(","                    document.querySelectorAll('body > .resettable')","                ).forEach(function (element) {","                    switch (element.tagName) {","                    case 'INPUT':","                    case 'TEXTAREA':","                        element.value = '';","                        break;","                    default:","                        element.textContent = '';","                    }","                });","            }","            switch (event && event.currentTarget && event.currentTarget.id) {","            case 'testRunButton1':","                // show tests","                if (document.querySelector('#testReportDiv1').style.display === 'none') {","                    document.querySelector('#testReportDiv1').style.display = 'block';","                    document.querySelector('#testRunButton1').textContent =","                        'hide internal test';","                    local.modeTest = true;","                    local.testRunDefault(local);","                // hide tests","                } else {","                    document.querySelector('#testReportDiv1').style.display = 'none';","                    document.querySelector('#testRunButton1').textContent = 'run internal test';","                }","                break;","            // custom-case","            default:","                break;","            }","            if (document.querySelector('#inputTextareaEval1') && (!event || (event &&","                    event.currentTarget &&","                    event.currentTarget.className &&","                    event.currentTarget.className.includes &&","                    event.currentTarget.className.includes('oneval')))) {","                // try to eval input-code","                try {","                    /*jslint evil: true*/","                    eval(document.querySelector('#inputTextareaEval1').value);","                } catch (errorCaught) {","                    console.error(errorCaught);","                }","            }","        };","        // log stderr and stdout to #outputTextareaStdout1","        ['error', 'log'].forEach(function (key) {","            console[key + '_original'] = console[key];","            console[key] = function () {","                var element;","                console[key + '_original'].apply(console, arguments);","                element = document.querySelector('#outputTextareaStdout1');","                if (!element) {","                    return;","                }","                // append text to #outputTextareaStdout1","                element.value += Array.from(arguments).map(function (arg) {","                    return typeof arg === 'string'","                        ? arg","                        : JSON.stringify(arg, null, 4);","                }).join(' ') + '\\n';","                // scroll textarea to bottom","                element.scrollTop = element.scrollHeight;","            };","        });","        // init event-handling","        ['change', 'click', 'keyup'].forEach(function (event) {","            Array.from(document.querySelectorAll('.on' + event)).forEach(function (element) {","                element.addEventListener(event, local.testRunBrowser);","            });","        });","        // run tests","        local.testRunBrowser();","        break;","","","","    // run node js-env code - post-init","    /* istanbul ignore next */","    case 'node':","        // export local","        module.exports = local;","        // require modules","        local.fs = require('fs');","        local.http = require('http');","        local.url = require('url');","        // init assets","        local.assetsDict = local.assetsDict || {};","        /* jslint-ignore-begin */","        local.assetsDict['/assets.index.template.html'] = '\\","<!doctype html>\\n\\","<html lang=\"en\">\\n\\","<head>\\n\\","<meta charset=\"UTF-8\">\\n\\","<meta name=\"viewport\" content=\"width=device-width, initial-scale=1\">\\n\\","<title>{{env.npm_package_name}} (v{{env.npm_package_version}})</title>\\n\\","<style>\\n\\","/*csslint\\n\\","    box-sizing: false,\\n\\","    universal-selector: false\\n\\","*/\\n\\","* {\\n\\","    box-sizing: border-box;\\n\\","}\\n\\","body {\\n\\","    background: #dde;\\n\\","    font-family: Arial, Helvetica, sans-serif;\\n\\","    margin: 2rem;\\n\\","}\\n\\","body > * {\\n\\","    margin-bottom: 1rem;\\n\\","}\\n\\",".utility2FooterDiv {\\n\\","    margin-top: 20px;\\n\\","    text-align: center;\\n\\","}\\n\\","</style>\\n\\","<style>\\n\\","/*csslint\\n\\","*/\\n\\","textarea {\\n\\","    font-family: monospace;\\n\\","    height: 10rem;\\n\\","    width: 100%;\\n\\","}\\n\\","textarea[readonly] {\\n\\","    background: #ddd;\\n\\","}\\n\\","</style>\\n\\","</head>\\n\\","<body>\\n\\","<!-- utility2-comment\\n\\","<div id=\"ajaxProgressDiv1\" style=\"background: #d00; height: 2px; left: 0; margin: 0; padding: 0; position: fixed; top: 0; transition: background 0.5s, width 1.5s; width: 25%;\"></div>\\n\\","utility2-comment -->\\n\\","<h1>\\n\\","<!-- utility2-comment\\n\\","    <a\\n\\","        {{#if env.npm_package_homepage}}\\n\\","        href=\"{{env.npm_package_homepage}}\"\\n\\","        {{/if env.npm_package_homepage}}\\n\\","        target=\"_blank\"\\n\\","    >\\n\\","utility2-comment -->\\n\\","        {{env.npm_package_name}} (v{{env.npm_package_version}})\\n\\","<!-- utility2-comment\\n\\","    </a>\\n\\","utility2-comment -->\\n\\","</h1>\\n\\","<h3>{{env.npm_package_description}}</h3>\\n\\","<!-- utility2-comment\\n\\","<h4><a download href=\"assets.app.js\">download standalone app</a></h4>\\n\\","<button class=\"onclick onreset\" id=\"testRunButton1\">run internal test</button><br>\\n\\","<div id=\"testReportDiv1\" style=\"display: none;\"></div>\\n\\","utility2-comment -->\\n\\","\\n\\","\\n\\","\\n\\","<label>stderr and stdout</label>\\n\\","<textarea class=\"resettable\" id=\"outputTextareaStdout1\" readonly></textarea>\\n\\","<!-- utility2-comment\\n\\","{{#if isRollup}}\\n\\","<script src=\"assets.app.js\"></script>\\n\\","{{#unless isRollup}}\\n\\","utility2-comment -->\\n\\","<script src=\"assets.utility2.rollup.js\"></script>\\n\\","<script src=\"jsonp.utility2._stateInit?callback=window.utility2._stateInit\"></script>\\n\\","<script src=\"assets.npmtest_figlet.rollup.js\"></script>\\n\\","<script src=\"assets.example.js\"></script>\\n\\","<script src=\"assets.test.js\"></script>\\n\\","<!-- utility2-comment\\n\\","{{/if isRollup}}\\n\\","utility2-comment -->\\n\\","<div class=\"utility2FooterDiv\">\\n\\","    [ this app was created with\\n\\","    <a href=\"https://github.com/kaizhu256/node-utility2\" target=\"_blank\">utility2</a>\\n\\","    ]\\n\\","</div>\\n\\","</body>\\n\\","</html>\\n\\","';","        /* jslint-ignore-end */","        if (local.templateRender) {","            local.assetsDict['/'] = local.templateRender(","                local.assetsDict['/assets.index.template.html'],","                {","                    env: local.objectSetDefault(local.env, {","                        npm_package_description: 'the greatest app in the world!',","                        npm_package_name: 'my-app',","                        npm_package_nameAlias: 'my_app',","                        npm_package_version: '0.0.1'","                    })","                }","            );","        } else {","            local.assetsDict['/'] = local.assetsDict['/assets.index.template.html']","                .replace((/\\{\\{env\\.(\\w+?)\\}\\}/g), function (match0, match1) {","                    // jslint-hack","                    String(match0);","                    switch (match1) {","                    case 'npm_package_description':","                        return 'the greatest app in the world!';","                    case 'npm_package_name':","                        return 'my-app';","                    case 'npm_package_nameAlias':","                        return 'my_app';","                    case 'npm_package_version':","                        return '0.0.1';","                    }","                });","        }","        // run the cli","        if (local.global.utility2_rollup || module !== require.main) {","            break;","        }","        local.assetsDict['/assets.example.js'] =","            local.assetsDict['/assets.example.js'] ||","            local.fs.readFileSync(__filename, 'utf8');","        // bug-workaround - long $npm_package_buildCustomOrg","        /* jslint-ignore-begin */","        local.assetsDict['/assets.npmtest_figlet.rollup.js'] =","            local.assetsDict['/assets.npmtest_figlet.rollup.js'] ||","            local.fs.readFileSync(","                local.npmtest_figlet.__dirname + '/lib.npmtest_figlet.js',","                'utf8'","            ).replace((/^#!/), '//');","        /* jslint-ignore-end */","        local.assetsDict['/favicon.ico'] = local.assetsDict['/favicon.ico'] || '';","        // if $npm_config_timeout_exit exists,","        // then exit this process after $npm_config_timeout_exit ms","        if (Number(process.env.npm_config_timeout_exit)) {","            setTimeout(process.exit, Number(process.env.npm_config_timeout_exit));","        }","        // start server","        if (local.global.utility2_serverHttp1) {","            break;","        }","        process.env.PORT = process.env.PORT || '8081';","        console.error('server starting on port ' + process.env.PORT);","        local.http.createServer(function (request, response) {","            request.urlParsed = local.url.parse(request.url);","            if (local.assetsDict[request.urlParsed.pathname] !== undefined) {","                response.end(local.assetsDict[request.urlParsed.pathname]);","                return;","            }","            response.statusCode = 404;","            response.end();","        }).listen(process.env.PORT);","        break;","    }","}());",""],"l":{"26":2,"28":2,"33":2,"35":2,"37":2,"38":2,"39":2,"44":1,"51":2,"55":2,"59":2,"61":2,"69":1,"70":2,"76":2,"79":2,"82":2,"83":2,"85":1,"89":2,"92":1,"93":1,"94":1,"96":1,"97":1,"100":1,"101":1,"103":1,"106":1,"108":2,"114":1,"116":1,"118":1,"123":1,"124":2,"125":2,"126":3,"127":3,"128":3,"129":3,"130":1,"133":3,"134":3,"139":3,"143":1,"144":3,"145":1,"149":1,"150":1,"158":1,"160":1,"161":1,"162":1,"164":1,"166":1,"258":1,"259":1,"271":1,"274":6,"275":6,"277":1,"279":2,"281":1,"283":2,"288":1,"289":1,"291":1,"296":1,"303":1,"306":1,"307":1,"310":1,"311":1,"313":1,"314":1,"315":1,"316":1,"317":1,"318":1,"319":1,"321":1,"322":1,"324":1}},"/home/travis/build/npmtest/node-npmtest-figlet/node_modules/figlet/lib/node-figlet.js":{"path":"/home/travis/build/npmtest/node-npmtest-figlet/node_modules/figlet/lib/node-figlet.js","s":{"1":1,"2":1,"3":0,"4":0,"5":0,"6":0,"7":0,"8":0,"9":0,"10":1,"11":0,"12":0,"13":0,"14":1,"15":0,"16":0,"17":0,"18":0,"19":0,"20":0,"21":0,"22":0,"23":1,"24":0,"25":0,"26":0,"27":0,"28":0,"29":1},"b":{"1":[0,0],"2":[0,0],"3":[0,0],"4":[0,0]},"f":{"1":0,"2":0,"3":0,"4":0,"5":0,"6":0,"7":0,"8":0},"fnMap":{"1":{"name":"(anonymous_1)","line":16,"loc":{"start":{"line":16,"column":18},"end":{"line":16,"column":39}}},"2":{"name":"(anonymous_2)","line":17,"loc":{"start":{"line":17,"column":63},"end":{"line":17,"column":87}}},"3":{"name":"(anonymous_3)","line":37,"loc":{"start":{"line":37,"column":22},"end":{"line":37,"column":37}}},"4":{"name":"(anonymous_4)","line":47,"loc":{"start":{"line":47,"column":15},"end":{"line":47,"column":30}}},"5":{"name":"(anonymous_5)","line":49,"loc":{"start":{"line":49,"column":24},"end":{"line":49,"column":46}}},"6":{"name":"(anonymous_6)","line":54,"loc":{"start":{"line":54,"column":23},"end":{"line":54,"column":39}}},"7":{"name":"(anonymous_7)","line":65,"loc":{"start":{"line":65,"column":19},"end":{"line":65,"column":30}}},"8":{"name":"(anonymous_8)","line":67,"loc":{"start":{"line":67,"column":36},"end":{"line":67,"column":51}}}},"statementMap":{"1":{"start":{"line":5,"column":0},"end":{"line":7,"column":39}},"2":{"start":{"line":16,"column":0},"end":{"line":29,"column":2}},"3":{"start":{"line":17,"column":4},"end":{"line":28,"column":7}},"4":{"start":{"line":18,"column":8},"end":{"line":20,"column":9}},"5":{"start":{"line":19,"column":12},"end":{"line":19,"column":29}},"6":{"start":{"line":22,"column":8},"end":{"line":22,"column":33}},"7":{"start":{"line":23,"column":8},"end":{"line":27,"column":9}},"8":{"start":{"line":24,"column":12},"end":{"line":24,"column":57}},"9":{"start":{"line":26,"column":12},"end":{"line":26,"column":24}},"10":{"start":{"line":37,"column":0},"end":{"line":42,"column":2}},"11":{"start":{"line":38,"column":4},"end":{"line":38,"column":82}},"12":{"start":{"line":40,"column":4},"end":{"line":40,"column":29}},"13":{"start":{"line":41,"column":4},"end":{"line":41,"column":44}},"14":{"start":{"line":47,"column":0},"end":{"line":63,"column":2}},"15":{"start":{"line":48,"column":4},"end":{"line":48,"column":22}},"16":{"start":{"line":49,"column":4},"end":{"line":61,"column":7}},"17":{"start":{"line":50,"column":8},"end":{"line":52,"column":9}},"18":{"start":{"line":51,"column":12},"end":{"line":51,"column":29}},"19":{"start":{"line":54,"column":8},"end":{"line":58,"column":11}},"20":{"start":{"line":55,"column":12},"end":{"line":57,"column":13}},"21":{"start":{"line":56,"column":16},"end":{"line":56,"column":59}},"22":{"start":{"line":60,"column":8},"end":{"line":60,"column":29}},"23":{"start":{"line":65,"column":0},"end":{"line":74,"column":2}},"24":{"start":{"line":66,"column":4},"end":{"line":66,"column":22}},"25":{"start":{"line":67,"column":4},"end":{"line":71,"column":7}},"26":{"start":{"line":68,"column":8},"end":{"line":70,"column":9}},"27":{"start":{"line":69,"column":12},"end":{"line":69,"column":55}},"28":{"start":{"line":73,"column":4},"end":{"line":73,"column":20}},"29":{"start":{"line":76,"column":0},"end":{"line":76,"column":24}}},"branchMap":{"1":{"line":18,"type":"if","locations":[{"start":{"line":18,"column":8},"end":{"line":18,"column":8}},{"start":{"line":18,"column":8},"end":{"line":18,"column":8}}]},"2":{"line":50,"type":"if","locations":[{"start":{"line":50,"column":8},"end":{"line":50,"column":8}},{"start":{"line":50,"column":8},"end":{"line":50,"column":8}}]},"3":{"line":55,"type":"if","locations":[{"start":{"line":55,"column":12},"end":{"line":55,"column":12}},{"start":{"line":55,"column":12},"end":{"line":55,"column":12}}]},"4":{"line":68,"type":"if","locations":[{"start":{"line":68,"column":8},"end":{"line":68,"column":8}},{"start":{"line":68,"column":8},"end":{"line":68,"column":8}}]}},"code":["/*","\tNode plugin for figlet.js","*/","","var figlet = require('./figlet.js'),","    fs = require('fs'),","    fontDir = __dirname + '/../fonts/';","","/*","    Loads a font into the figlet object.","","    Parameters:","    - name (string): Name of the font to load.","    - next (function): Callback function.","*/","figlet.loadFont = function(name, next) {","    fs.readFile(fontDir + name + '.flf',  {encoding: 'utf-8'}, function(err, fontData) {","        if (err) {","            return next(err);","        }","","        fontData = fontData + '';","        try {","            next(null, figlet.parseFont(name, fontData));","        } catch(error) {","            next(error);","        }","    });","};","","/*"," Loads a font synchronously into the figlet object.",""," Parameters:"," - name (string): Name of the font to load."," */","figlet.loadFontSync = function(name) {","    var fontData = fs.readFileSync(fontDir + name + '.flf',  {encoding: 'utf-8'});","","    fontData = fontData + '';","    return figlet.parseFont(name, fontData);","};","","/*","    Returns an array containing all of the font names","*/","figlet.fonts = function(next) {","    var fontList = [];","    fs.readdir(fontDir, function (err, files) { // '/' denotes the root folder","        if (err) {","            return next(err);","        }","","        files.forEach( function (file) {","            if ( /\\.flf$/.test(file) ) {","                fontList.push( file.replace(/\\.flf$/,'') );","            }","        });","","        next(null, fontList);","    });","","};","","figlet.fontsSync = function() {","    var fontList = [];","    fs.readdirSync(fontDir).forEach(function(file) {","        if ( /\\.flf$/.test(file) ) {","            fontList.push( file.replace(/\\.flf$/,'') );","        }","    });","","    return fontList;","};","","module.exports = figlet;",""],"l":{"5":1,"16":1,"17":0,"18":0,"19":0,"22":0,"23":0,"24":0,"26":0,"37":1,"38":0,"40":0,"41":0,"47":1,"48":0,"49":0,"50":0,"51":0,"54":0,"55":0,"56":0,"60":0,"65":1,"66":0,"67":0,"68":0,"69":0,"73":0,"76":1}},"/home/travis/build/npmtest/node-npmtest-figlet/node_modules/figlet/lib/figlet.js":{"path":"/home/travis/build/npmtest/node-npmtest-figlet/node_modules/figlet/lib/figlet.js","s":{"1":1,"2":1,"3":1,"4":1,"5":1,"6":0,"7":0,"8":0,"9":0,"10":0,"11":0,"12":0,"13":0,"14":0,"15":0,"16":0,"17":0,"18":0,"19":0,"20":0,"21":0,"22":0,"23":0,"24":0,"25":0,"26":0,"27":0,"28":0,"29":0,"30":0,"31":0,"32":0,"33":0,"34":0,"35":0,"36":0,"37":0,"38":0,"39":1,"40":0,"41":0,"42":0,"43":1,"44":0,"45":0,"46":0,"47":0,"48":0,"49":0,"50":0,"51":0,"52":1,"53":0,"54":0,"55":0,"56":0,"57":0,"58":0,"59":0,"60":1,"61":0,"62":0,"63":0,"64":0,"65":0,"66":0,"67":0,"68":1,"69":0,"70":0,"71":0,"72":0,"73":0,"74":0,"75":0,"76":0,"77":1,"78":0,"79":0,"80":0,"81":1,"82":0,"83":0,"84":0,"85":1,"86":0,"87":0,"88":0,"89":0,"90":0,"91":0,"92":0,"93":0,"94":1,"95":0,"96":0,"97":0,"98":0,"99":0,"100":0,"101":0,"102":1,"103":0,"104":0,"105":0,"106":1,"107":0,"108":0,"109":0,"110":1,"111":0,"112":0,"113":0,"114":0,"115":0,"116":1,"117":0,"118":0,"119":0,"120":0,"121":0,"122":0,"123":0,"124":0,"125":0,"126":0,"127":0,"128":0,"129":0,"130":0,"131":0,"132":0,"133":0,"134":0,"135":0,"136":0,"137":0,"138":0,"139":0,"140":0,"141":0,"142":0,"143":0,"144":0,"145":1,"146":0,"147":0,"148":0,"149":0,"150":0,"151":0,"152":0,"153":0,"154":0,"155":0,"156":0,"157":0,"158":0,"159":0,"160":0,"161":0,"162":0,"163":0,"164":0,"165":0,"166":0,"167":0,"168":0,"169":0,"170":0,"171":0,"172":0,"173":0,"174":1,"175":0,"176":0,"177":0,"178":0,"179":0,"180":0,"181":0,"182":0,"183":0,"184":0,"185":0,"186":0,"187":0,"188":0,"189":0,"190":0,"191":0,"192":0,"193":1,"194":0,"195":0,"196":0,"197":0,"198":0,"199":0,"200":0,"201":0,"202":0,"203":0,"204":0,"205":0,"206":0,"207":0,"208":1,"209":0,"210":0,"211":0,"212":0,"213":0,"214":1,"215":0,"216":0,"217":0,"218":0,"219":0,"220":0,"221":0,"222":0,"223":0,"224":1,"225":0,"226":0,"227":0,"228":0,"229":0,"230":0,"231":0,"232":0,"233":0,"234":0,"235":0,"236":0,"237":0,"238":0,"239":0,"240":0,"241":0,"242":0,"243":0,"244":0,"245":0,"246":0,"247":0,"248":0,"249":0,"250":0,"251":0,"252":0,"253":0,"254":0,"255":0,"256":0,"257":0,"258":0,"259":0,"260":0,"261":0,"262":0,"263":0,"264":0,"265":1,"266":0,"267":0,"268":0,"269":0,"270":0,"271":0,"272":0,"273":0,"274":0,"275":0,"276":0,"277":0,"278":0,"279":0,"280":0,"281":0,"282":0,"283":0,"284":0,"285":0,"286":0,"287":0,"288":0,"289":0,"290":0,"291":0,"292":0,"293":0,"294":0,"295":0,"296":0,"297":0,"298":0,"299":0,"300":1,"301":0,"302":0,"303":0,"304":0,"305":0,"306":0,"307":0,"308":0,"309":0,"310":0,"311":0,"312":0,"313":0,"314":0,"315":0,"316":0,"317":0,"318":0,"319":0,"320":0,"321":1,"322":0,"323":0,"324":0,"325":0,"326":0,"327":0,"328":0,"329":0,"330":0,"331":0,"332":0,"333":0,"334":0,"335":0,"336":1,"337":0,"338":0,"339":0,"340":0,"341":0,"342":0,"343":0,"344":0,"345":0,"346":0,"347":0,"348":0,"349":0,"350":0,"351":1,"352":0,"353":0,"354":0,"355":0,"356":0,"357":0,"358":0,"359":0,"360":0,"361":0,"362":0,"363":0,"364":1,"365":0,"366":1,"367":0,"368":0,"369":0,"370":0,"371":0,"372":0,"373":0,"374":0,"375":0,"376":0,"377":0,"378":0,"379":0,"380":0,"381":0,"382":1,"383":0,"384":0,"385":0,"386":0,"387":0,"388":0,"389":0,"390":0,"391":0,"392":1,"393":0,"394":0,"395":0,"396":0,"397":0,"398":0,"399":0,"400":0,"401":0,"402":0,"403":0,"404":0,"405":1,"406":0,"407":0,"408":0,"409":0,"410":0,"411":0,"412":1,"413":0,"414":0,"415":0,"416":0,"417":0,"418":1,"419":0,"420":0,"421":0,"422":0,"423":0,"424":0,"425":0,"426":0,"427":0,"428":0,"429":0,"430":0,"431":0,"432":0,"433":0,"434":0,"435":0,"436":0,"437":0,"438":0,"439":0,"440":0,"441":0,"442":0,"443":0,"444":0,"445":0,"446":0,"447":0,"448":0,"449":0,"450":0,"451":0,"452":0,"453":0,"454":0,"455":0,"456":0,"457":0,"458":0,"459":0,"460":0,"461":0,"462":0,"463":0,"464":0,"465":0,"466":0,"467":0,"468":0,"469":0,"470":0,"471":0,"472":0,"473":0,"474":0,"475":0,"476":0,"477":0,"478":0,"479":0,"480":0,"481":1,"482":0,"483":0,"484":0,"485":0,"486":0,"487":0,"488":0,"489":0,"490":0,"491":0,"492":0,"493":0,"494":1,"495":0,"496":0,"497":0,"498":1,"499":0,"500":0,"501":0,"502":0,"503":0,"504":0,"505":0,"506":0,"507":0,"508":1,"509":1,"510":1,"511":1},"b":{"1":[1,1],"2":[0,0],"3":[0,0],"4":[0,0],"5":[0,0],"6":[0,0],"7":[0,0],"8":[0,0],"9":[0,0],"10":[0,0],"11":[0,0,0,0,0,0],"12":[0,0],"13":[0,0],"14":[0,0,0,0,0,0],"15":[0,0],"16":[0,0],"17":[0,0,0,0,0],"18":[0,0],"19":[0,0],"20":[0,0,0,0,0],"21":[0,0],"22":[0,0],"23":[0,0],"24":[0,0],"25":[0,0],"26":[0,0],"27":[0,0],"28":[0,0],"29":[0,0],"30":[0,0],"31":[0,0],"32":[0,0],"33":[0,0],"34":[0,0],"35":[0,0],"36":[0,0],"37":[0,0],"38":[0,0],"39":[0,0],"40":[0,0],"41":[0,0],"42":[0,0],"43":[0,0],"44":[0,0],"45":[0,0],"46":[0,0],"47":[0,0],"48":[0,0],"49":[0,0,0,0],"50":[0,0],"51":[0,0],"52":[0,0],"53":[0,0],"54":[0,0],"55":[0,0],"56":[0,0],"57":[0,0],"58":[0,0],"59":[0,0],"60":[0,0],"61":[0,0],"62":[0,0],"63":[0,0],"64":[0,0],"65":[0,0],"66":[0,0],"67":[0,0],"68":[0,0],"69":[0,0],"70":[0,0],"71":[0,0],"72":[0,0],"73":[0,0],"74":[0,0],"75":[0,0],"76":[0,0],"77":[0,0],"78":[0,0],"79":[0,0],"80":[0,0],"81":[0,0],"82":[0,0],"83":[0,0],"84":[0,0],"85":[0,0],"86":[0,0],"87":[0,0],"88":[0,0],"89":[0,0],"90":[0,0],"91":[0,0],"92":[0,0],"93":[0,0],"94":[0,0],"95":[0,0],"96":[0,0],"97":[0,0],"98":[0,0],"99":[0,0],"100":[0,0],"101":[0,0],"102":[0,0],"103":[0,0],"104":[0,0],"105":[0,0],"106":[0,0],"107":[0,0],"108":[0,0],"109":[0,0],"110":[0,0],"111":[0,0],"112":[0,0],"113":[0,0],"114":[0,0],"115":[0,0],"116":[0,0],"117":[0,0],"118":[0,0],"119":[0,0],"120":[0,0],"121":[0,0],"122":[0,0],"123":[0,0],"124":[0,0],"125":[0,0],"126":[0,0],"127":[0,0],"128":[0,0],"129":[0,0],"130":[0,0],"131":[0,0],"132":[0,0],"133":[0,0],"134":[0,0],"135":[0,0],"136":[0,0],"137":[0,0],"138":[0,0],"139":[0,0],"140":[0,0],"141":[0,0],"142":[0,0],"143":[0,0],"144":[0,0],"145":[0,0],"146":[0,0],"147":[0,0],"148":[0,0],"149":[0,0],"150":[0,0],"151":[0,0],"152":[0,0],"153":[0,0],"154":[0,0],"155":[0,0],"156":[0,0],"157":[0,0],"158":[0,0],"159":[0,0],"160":[0,0],"161":[0,0],"162":[0,0],"163":[0,0],"164":[0,0],"165":[0,0],"166":[0,0],"167":[0,0],"168":[0,0],"169":[0,0],"170":[0,0],"171":[0,0,0,0,0,0],"172":[0,0],"173":[0,0],"174":[0,0],"175":[0,0],"176":[0,0],"177":[0,0],"178":[0,0],"179":[0,0],"180":[0,0],"181":[0,0],"182":[0,0],"183":[0,0],"184":[0,0],"185":[0,0],"186":[0,0],"187":[0,0],"188":[0,0],"189":[1,0],"190":[1,0]},"f":{"1":1,"2":0,"3":0,"4":0,"5":0,"6":0,"7":0,"8":0,"9":0,"10":0,"11":0,"12":0,"13":0,"14":0,"15":0,"16":0,"17":0,"18":0,"19":0,"20":0,"21":0,"22":0,"23":0,"24":0,"25":0,"26":0,"27":0,"28":0,"29":0,"30":0,"31":0,"32":0,"33":0,"34":0,"35":0,"36":0,"37":0,"38":0,"39":0,"40":0,"41":0,"42":0},"fnMap":{"1":{"name":"(anonymous_1)","line":17,"loc":{"start":{"line":17,"column":24},"end":{"line":17,"column":35}}},"2":{"name":"getSmushingRules","line":43,"loc":{"start":{"line":43,"column":4},"end":{"line":43,"column":52}}},"3":{"name":"hRule1_Smush","line":107,"loc":{"start":{"line":107,"column":4},"end":{"line":107,"column":47}}},"4":{"name":"hRule2_Smush","line":118,"loc":{"start":{"line":118,"column":4},"end":{"line":118,"column":36}}},"5":{"name":"hRule3_Smush","line":136,"loc":{"start":{"line":136,"column":4},"end":{"line":136,"column":36}}},"6":{"name":"hRule4_Smush","line":155,"loc":{"start":{"line":155,"column":4},"end":{"line":155,"column":36}}},"7":{"name":"hRule5_Smush","line":175,"loc":{"start":{"line":175,"column":4},"end":{"line":175,"column":36}}},"8":{"name":"hRule6_Smush","line":194,"loc":{"start":{"line":194,"column":4},"end":{"line":194,"column":47}}},"9":{"name":"vRule1_Smush","line":206,"loc":{"start":{"line":206,"column":4},"end":{"line":206,"column":36}}},"10":{"name":"vRule2_Smush","line":216,"loc":{"start":{"line":216,"column":4},"end":{"line":216,"column":36}}},"11":{"name":"vRule3_Smush","line":231,"loc":{"start":{"line":231,"column":4},"end":{"line":231,"column":36}}},"12":{"name":"vRule4_Smush","line":253,"loc":{"start":{"line":253,"column":4},"end":{"line":253,"column":36}}},"13":{"name":"vRule5_Smush","line":274,"loc":{"start":{"line":274,"column":4},"end":{"line":274,"column":36}}},"14":{"name":"uni_Smush","line":288,"loc":{"start":{"line":288,"column":4},"end":{"line":288,"column":44}}},"15":{"name":"canVerticalSmush","line":311,"loc":{"start":{"line":311,"column":4},"end":{"line":311,"column":48}}},"16":{"name":"getVerticalSmushDist","line":344,"loc":{"start":{"line":344,"column":4},"end":{"line":344,"column":56}}},"17":{"name":"verticallySmushLines","line":380,"loc":{"start":{"line":380,"column":4},"end":{"line":380,"column":54}}},"18":{"name":"verticalSmush","line":407,"loc":{"start":{"line":407,"column":4},"end":{"line":407,"column":58}}},"19":{"name":"padLines","line":430,"loc":{"start":{"line":430,"column":4},"end":{"line":430,"column":40}}},"20":{"name":"smushVerticalFigLines","line":440,"loc":{"start":{"line":440,"column":4},"end":{"line":440,"column":56}}},"21":{"name":"getHorizontalSmushLength","line":456,"loc":{"start":{"line":456,"column":4},"end":{"line":456,"column":56}}},"22":{"name":"horizontalSmush","line":505,"loc":{"start":{"line":505,"column":4},"end":{"line":505,"column":68}}},"23":{"name":"generateFigTextLine","line":558,"loc":{"start":{"line":558,"column":4},"end":{"line":558,"column":54}}},"24":{"name":"(anonymous_24)","line":593,"loc":{"start":{"line":593,"column":36},"end":{"line":593,"column":62}}},"25":{"name":"(anonymous_25)","line":614,"loc":{"start":{"line":614,"column":34},"end":{"line":614,"column":60}}},"26":{"name":"(anonymous_26)","line":641,"loc":{"start":{"line":641,"column":23},"end":{"line":641,"column":56}}},"27":{"name":"(anonymous_27)","line":677,"loc":{"start":{"line":677,"column":13},"end":{"line":677,"column":42}}},"28":{"name":"(anonymous_28)","line":680,"loc":{"start":{"line":680,"column":14},"end":{"line":680,"column":43}}},"29":{"name":"(anonymous_29)","line":705,"loc":{"start":{"line":705,"column":30},"end":{"line":705,"column":54}}},"30":{"name":"(anonymous_30)","line":718,"loc":{"start":{"line":718,"column":18},"end":{"line":718,"column":41}}},"31":{"name":"_reworkFontOpts","line":739,"loc":{"start":{"line":739,"column":4},"end":{"line":739,"column":48}}},"32":{"name":"(anonymous_32)","line":775,"loc":{"start":{"line":775,"column":18},"end":{"line":775,"column":43}}},"33":{"name":"(anonymous_33)","line":783,"loc":{"start":{"line":783,"column":30},"end":{"line":783,"column":54}}},"34":{"name":"(anonymous_34)","line":798,"loc":{"start":{"line":798,"column":18},"end":{"line":798,"column":33}}},"35":{"name":"(anonymous_35)","line":812,"loc":{"start":{"line":812,"column":19},"end":{"line":812,"column":44}}},"36":{"name":"(anonymous_36)","line":930,"loc":{"start":{"line":930,"column":18},"end":{"line":930,"column":43}}},"37":{"name":"(anonymous_37)","line":942,"loc":{"start":{"line":942,"column":18},"end":{"line":942,"column":37}}},"38":{"name":"(anonymous_38)","line":950,"loc":{"start":{"line":950,"column":18},"end":{"line":950,"column":33}}},"39":{"name":"(anonymous_39)","line":959,"loc":{"start":{"line":959,"column":22},"end":{"line":959,"column":37}}},"40":{"name":"(anonymous_40)","line":971,"loc":{"start":{"line":971,"column":22},"end":{"line":971,"column":44}}},"41":{"name":"(anonymous_41)","line":977,"loc":{"start":{"line":977,"column":40},"end":{"line":977,"column":54}}},"42":{"name":"(anonymous_42)","line":979,"loc":{"start":{"line":979,"column":19},"end":{"line":979,"column":30}}}},"statementMap":{"1":{"start":{"line":17,"column":0},"end":{"line":989,"column":5}},"2":{"start":{"line":22,"column":4},"end":{"line":25,"column":32}},"3":{"start":{"line":30,"column":4},"end":{"line":30,"column":22}},"4":{"start":{"line":31,"column":4},"end":{"line":34,"column":6}},"5":{"start":{"line":43,"column":4},"end":{"line":96,"column":5}},"6":{"start":{"line":44,"column":8},"end":{"line":44,"column":23}},"7":{"start":{"line":45,"column":8},"end":{"line":45,"column":34}},"8":{"start":{"line":46,"column":8},"end":{"line":49,"column":63}},"9":{"start":{"line":51,"column":8},"end":{"line":51,"column":59}},"10":{"start":{"line":52,"column":8},"end":{"line":52,"column":18}},"11":{"start":{"line":53,"column":8},"end":{"line":53,"column":27}},"12":{"start":{"line":54,"column":8},"end":{"line":63,"column":9}},"13":{"start":{"line":55,"column":12},"end":{"line":55,"column":32}},"14":{"start":{"line":56,"column":12},"end":{"line":61,"column":13}},"15":{"start":{"line":57,"column":16},"end":{"line":57,"column":36}},"16":{"start":{"line":58,"column":16},"end":{"line":58,"column":100}},"17":{"start":{"line":59,"column":19},"end":{"line":61,"column":13}},"18":{"start":{"line":60,"column":16},"end":{"line":60,"column":39}},"19":{"start":{"line":62,"column":12},"end":{"line":62,"column":20}},"20":{"start":{"line":65,"column":8},"end":{"line":81,"column":9}},"21":{"start":{"line":66,"column":12},"end":{"line":76,"column":13}},"22":{"start":{"line":67,"column":16},"end":{"line":67,"column":43}},"23":{"start":{"line":68,"column":19},"end":{"line":76,"column":13}},"24":{"start":{"line":69,"column":16},"end":{"line":69,"column":46}},"25":{"start":{"line":71,"column":16},"end":{"line":75,"column":17}},"26":{"start":{"line":72,"column":20},"end":{"line":72,"column":59}},"27":{"start":{"line":74,"column":20},"end":{"line":74,"column":48}},"28":{"start":{"line":77,"column":15},"end":{"line":81,"column":9}},"29":{"start":{"line":78,"column":12},"end":{"line":80,"column":13}},"30":{"start":{"line":79,"column":16},"end":{"line":79,"column":55}},"31":{"start":{"line":83,"column":8},"end":{"line":93,"column":9}},"32":{"start":{"line":84,"column":12},"end":{"line":88,"column":13}},"33":{"start":{"line":85,"column":16},"end":{"line":85,"column":55}},"34":{"start":{"line":87,"column":16},"end":{"line":87,"column":46}},"35":{"start":{"line":89,"column":15},"end":{"line":93,"column":9}},"36":{"start":{"line":90,"column":12},"end":{"line":92,"column":13}},"37":{"start":{"line":91,"column":16},"end":{"line":91,"column":55}},"38":{"start":{"line":95,"column":8},"end":{"line":95,"column":21}},"39":{"start":{"line":107,"column":4},"end":{"line":110,"column":5}},"40":{"start":{"line":108,"column":8},"end":{"line":108,"column":59}},"41":{"start":{"line":108,"column":47},"end":{"line":108,"column":58}},"42":{"start":{"line":109,"column":8},"end":{"line":109,"column":21}},"43":{"start":{"line":118,"column":4},"end":{"line":126,"column":5}},"44":{"start":{"line":119,"column":8},"end":{"line":119,"column":38}},"45":{"start":{"line":120,"column":8},"end":{"line":124,"column":9}},"46":{"start":{"line":121,"column":12},"end":{"line":121,"column":59}},"47":{"start":{"line":121,"column":47},"end":{"line":121,"column":58}},"48":{"start":{"line":122,"column":15},"end":{"line":124,"column":9}},"49":{"start":{"line":123,"column":12},"end":{"line":123,"column":59}},"50":{"start":{"line":123,"column":47},"end":{"line":123,"column":58}},"51":{"start":{"line":125,"column":8},"end":{"line":125,"column":21}},"52":{"start":{"line":136,"column":4},"end":{"line":146,"column":5}},"53":{"start":{"line":137,"column":8},"end":{"line":137,"column":47}},"54":{"start":{"line":138,"column":8},"end":{"line":138,"column":48}},"55":{"start":{"line":139,"column":8},"end":{"line":139,"column":48}},"56":{"start":{"line":140,"column":8},"end":{"line":144,"column":9}},"57":{"start":{"line":141,"column":12},"end":{"line":143,"column":13}},"58":{"start":{"line":142,"column":16},"end":{"line":142,"column":73}},"59":{"start":{"line":145,"column":8},"end":{"line":145,"column":21}},"60":{"start":{"line":155,"column":4},"end":{"line":165,"column":5}},"61":{"start":{"line":156,"column":8},"end":{"line":156,"column":34}},"62":{"start":{"line":157,"column":8},"end":{"line":157,"column":44}},"63":{"start":{"line":158,"column":8},"end":{"line":158,"column":44}},"64":{"start":{"line":159,"column":8},"end":{"line":163,"column":9}},"65":{"start":{"line":160,"column":12},"end":{"line":162,"column":13}},"66":{"start":{"line":161,"column":16},"end":{"line":161,"column":27}},"67":{"start":{"line":164,"column":8},"end":{"line":164,"column":21}},"68":{"start":{"line":175,"column":4},"end":{"line":186,"column":5}},"69":{"start":{"line":176,"column":8},"end":{"line":176,"column":36}},"70":{"start":{"line":177,"column":8},"end":{"line":177,"column":55}},"71":{"start":{"line":178,"column":8},"end":{"line":178,"column":44}},"72":{"start":{"line":179,"column":8},"end":{"line":179,"column":44}},"73":{"start":{"line":180,"column":8},"end":{"line":184,"column":9}},"74":{"start":{"line":181,"column":12},"end":{"line":183,"column":13}},"75":{"start":{"line":182,"column":16},"end":{"line":182,"column":42}},"76":{"start":{"line":185,"column":8},"end":{"line":185,"column":21}},"77":{"start":{"line":194,"column":4},"end":{"line":199,"column":5}},"78":{"start":{"line":195,"column":8},"end":{"line":197,"column":9}},"79":{"start":{"line":196,"column":12},"end":{"line":196,"column":29}},"80":{"start":{"line":198,"column":8},"end":{"line":198,"column":21}},"81":{"start":{"line":206,"column":4},"end":{"line":209,"column":5}},"82":{"start":{"line":207,"column":8},"end":{"line":207,"column":38}},"83":{"start":{"line":207,"column":26},"end":{"line":207,"column":37}},"84":{"start":{"line":208,"column":8},"end":{"line":208,"column":21}},"85":{"start":{"line":216,"column":4},"end":{"line":224,"column":5}},"86":{"start":{"line":217,"column":8},"end":{"line":217,"column":38}},"87":{"start":{"line":218,"column":8},"end":{"line":222,"column":9}},"88":{"start":{"line":219,"column":12},"end":{"line":219,"column":59}},"89":{"start":{"line":219,"column":47},"end":{"line":219,"column":58}},"90":{"start":{"line":220,"column":15},"end":{"line":222,"column":9}},"91":{"start":{"line":221,"column":12},"end":{"line":221,"column":59}},"92":{"start":{"line":221,"column":47},"end":{"line":221,"column":58}},"93":{"start":{"line":223,"column":8},"end":{"line":223,"column":21}},"94":{"start":{"line":231,"column":4},"end":{"line":241,"column":5}},"95":{"start":{"line":232,"column":8},"end":{"line":232,"column":47}},"96":{"start":{"line":233,"column":8},"end":{"line":233,"column":48}},"97":{"start":{"line":234,"column":8},"end":{"line":234,"column":48}},"98":{"start":{"line":235,"column":8},"end":{"line":239,"column":9}},"99":{"start":{"line":236,"column":12},"end":{"line":238,"column":13}},"100":{"start":{"line":237,"column":16},"end":{"line":237,"column":73}},"101":{"start":{"line":240,"column":8},"end":{"line":240,"column":21}},"102":{"start":{"line":253,"column":4},"end":{"line":258,"column":5}},"103":{"start":{"line":254,"column":8},"end":{"line":256,"column":9}},"104":{"start":{"line":255,"column":12},"end":{"line":255,"column":23}},"105":{"start":{"line":257,"column":8},"end":{"line":257,"column":21}},"106":{"start":{"line":274,"column":4},"end":{"line":279,"column":5}},"107":{"start":{"line":275,"column":8},"end":{"line":277,"column":9}},"108":{"start":{"line":276,"column":12},"end":{"line":276,"column":23}},"109":{"start":{"line":278,"column":8},"end":{"line":278,"column":21}},"110":{"start":{"line":288,"column":4},"end":{"line":296,"column":5}},"111":{"start":{"line":289,"column":8},"end":{"line":295,"column":9}},"112":{"start":{"line":290,"column":12},"end":{"line":290,"column":23}},"113":{"start":{"line":291,"column":15},"end":{"line":295,"column":9}},"114":{"start":{"line":292,"column":12},"end":{"line":292,"column":23}},"115":{"start":{"line":294,"column":12},"end":{"line":294,"column":23}},"116":{"start":{"line":311,"column":4},"end":{"line":342,"column":5}},"117":{"start":{"line":312,"column":8},"end":{"line":312,"column":73}},"118":{"start":{"line":312,"column":55},"end":{"line":312,"column":72}},"119":{"start":{"line":313,"column":8},"end":{"line":313,"column":57}},"120":{"start":{"line":314,"column":8},"end":{"line":314,"column":51}},"121":{"start":{"line":315,"column":8},"end":{"line":315,"column":40}},"122":{"start":{"line":315,"column":22},"end":{"line":315,"column":39}},"123":{"start":{"line":317,"column":8},"end":{"line":336,"column":9}},"124":{"start":{"line":318,"column":12},"end":{"line":318,"column":36}},"125":{"start":{"line":319,"column":12},"end":{"line":319,"column":36}},"126":{"start":{"line":320,"column":12},"end":{"line":335,"column":13}},"127":{"start":{"line":321,"column":16},"end":{"line":334,"column":17}},"128":{"start":{"line":322,"column":20},"end":{"line":322,"column":37}},"129":{"start":{"line":323,"column":23},"end":{"line":334,"column":17}},"130":{"start":{"line":324,"column":20},"end":{"line":324,"column":33}},"131":{"start":{"line":326,"column":20},"end":{"line":326,"column":88}},"132":{"start":{"line":326,"column":48},"end":{"line":326,"column":77}},"133":{"start":{"line":326,"column":78},"end":{"line":326,"column":87}},"134":{"start":{"line":327,"column":20},"end":{"line":327,"column":39}},"135":{"start":{"line":328,"column":20},"end":{"line":328,"column":97}},"136":{"start":{"line":329,"column":20},"end":{"line":329,"column":112}},"137":{"start":{"line":330,"column":20},"end":{"line":330,"column":112}},"138":{"start":{"line":331,"column":20},"end":{"line":331,"column":112}},"139":{"start":{"line":332,"column":20},"end":{"line":332,"column":36}},"140":{"start":{"line":333,"column":20},"end":{"line":333,"column":56}},"141":{"start":{"line":333,"column":38},"end":{"line":333,"column":55}},"142":{"start":{"line":337,"column":8},"end":{"line":341,"column":9}},"143":{"start":{"line":338,"column":12},"end":{"line":338,"column":25}},"144":{"start":{"line":340,"column":12},"end":{"line":340,"column":27}},"145":{"start":{"line":344,"column":4},"end":{"line":378,"column":5}},"146":{"start":{"line":345,"column":8},"end":{"line":345,"column":36}},"147":{"start":{"line":346,"column":8},"end":{"line":346,"column":33}},"148":{"start":{"line":347,"column":8},"end":{"line":347,"column":33}},"149":{"start":{"line":348,"column":8},"end":{"line":348,"column":39}},"150":{"start":{"line":349,"column":8},"end":{"line":349,"column":24}},"151":{"start":{"line":350,"column":8},"end":{"line":350,"column":28}},"152":{"start":{"line":351,"column":8},"end":{"line":375,"column":9}},"153":{"start":{"line":353,"column":12},"end":{"line":353,"column":69}},"154":{"start":{"line":354,"column":12},"end":{"line":354,"column":68}},"155":{"start":{"line":356,"column":12},"end":{"line":356,"column":36}},"156":{"start":{"line":357,"column":12},"end":{"line":357,"column":24}},"157":{"start":{"line":358,"column":12},"end":{"line":370,"column":13}},"158":{"start":{"line":359,"column":16},"end":{"line":359,"column":75}},"159":{"start":{"line":360,"column":16},"end":{"line":369,"column":17}},"160":{"start":{"line":361,"column":20},"end":{"line":361,"column":33}},"161":{"start":{"line":362,"column":23},"end":{"line":369,"column":17}},"162":{"start":{"line":363,"column":20},"end":{"line":363,"column":33}},"163":{"start":{"line":364,"column":20},"end":{"line":364,"column":26}},"164":{"start":{"line":366,"column":20},"end":{"line":368,"column":21}},"165":{"start":{"line":367,"column":24},"end":{"line":367,"column":41}},"166":{"start":{"line":372,"column":12},"end":{"line":372,"column":56}},"167":{"start":{"line":372,"column":39},"end":{"line":372,"column":49}},"168":{"start":{"line":372,"column":49},"end":{"line":372,"column":55}},"169":{"start":{"line":373,"column":12},"end":{"line":373,"column":42}},"170":{"start":{"line":373,"column":35},"end":{"line":373,"column":41}},"171":{"start":{"line":374,"column":12},"end":{"line":374,"column":48}},"172":{"start":{"line":374,"column":37},"end":{"line":374,"column":47}},"173":{"start":{"line":377,"column":8},"end":{"line":377,"column":41}},"174":{"start":{"line":380,"column":4},"end":{"line":405,"column":5}},"175":{"start":{"line":381,"column":8},"end":{"line":381,"column":59}},"176":{"start":{"line":382,"column":8},"end":{"line":382,"column":46}},"177":{"start":{"line":384,"column":8},"end":{"line":403,"column":9}},"178":{"start":{"line":3
[...]
out\": FULL_WIDTH,\"vRule1\":false,\"vRule2\":false,\"vRule3\":false,\"vRule4\":false,\"vRule5\":false};","        } else if (layout === \"fitted\") {","            params = {\"vLayout\": FITTING,\"vRule1\":false,\"vRule2\":false,\"vRule3\":false,\"vRule4\":false,\"vRule5\":false};","        } else if (layout === \"controlled smushing\") {","            params = {\"vLayout\": CONTROLLED_SMUSHING,\"vRule1\":true,\"vRule2\":true,\"vRule3\":true,\"vRule4\":true,\"vRule5\":true};","        } else if (layout === \"universal smushing\") {","            params = {\"vLayout\": SMUSHING,\"vRule1\":false,\"vRule2\":false,\"vRule3\":false,\"vRule4\":false,\"vRule5\":false};","        } else {","            return;","        }","        return params;","    };","","    /*","        Generates the ASCII Art","        - fontName: Font to use","        - option: Options to override the defaults","        - txt: The text to make into ASCII Art","    */","    var generateText = function(fontName, options, txt) {","        txt = txt.replace(/\\r\\n/g,\"\\n\").replace(/\\r/g,\"\\n\");","        var lines = txt.split(\"\\n\");","        var figLines = [];","        var ii, len, output;","        len = lines.length;","        for (ii = 0; ii < len; ii++) {","            figLines.push( generateFigTextLine(lines[ii], figFonts[fontName], options) );","        }","        len = figLines.length;","        output = figLines[0];","        for (ii = 1; ii < len; ii++) {","            output = smushVerticalFigLines(output, figLines[ii], options);","        }","","        return output.join(\"\\n\");","    };","","    // -------------------------------------------------------------------------","    // Public methods","","    /*","        A short-cut for the figlet.text method","","        Parameters:","        - txt (string): The text to make into ASCII Art","        - options (object/string - optional): Options that will override the current font's default options.","          If a string is provided instead of an object, it is assumed to be the font name.","","            * font","            * horizontalLayout","            * verticalLayout","            * showHardBlanks - Wont remove hardblank characters","","        - next (function): A callback function, it will contained the outputted ASCII Art.","    */","    var me = function(txt, options, next) {","        me.text(txt, options, next);","    };","    me.text = function(txt, options, next) {","        var fontName = '';","","        // Validate inputs","        txt = txt + '';","","        if (typeof arguments[1] === 'function') {","            next = options;","            options = {};","            options.font = figDefaults.font; // default font","        }","","        if (typeof options === 'string') {","            fontName = options;","            options = {};","        } else {","            options = options || {};","            fontName = options.font || figDefaults.font;","        }","","        /*","            Load the font. If it loads, it's data will be contained in the figFonts object.","            The callback will recieve a fontsOpts object, which contains the default","            options of the font (its fitting rules, etc etc).","        */","        me.loadFont(fontName, function(err, fontOpts) {","            if (err) {","                return next(err);","            }","","            next(null, generateText(fontName, _reworkFontOpts(fontOpts, options), txt));","        });","    };","","    /*","        Synchronous version of figlet.text.","        Accepts the same parameters.","     */","    me.textSync = function(txt, options) {","        var fontName = '';","","        // Validate inputs","        txt = txt + '';","","        if (typeof options === 'string') {","            fontName = options;","            options = {};","        } else {","            options = options || {};","            fontName = options.font || figDefaults.font;","        }","","        var fontOpts = _reworkFontOpts(me.loadFontSync(fontName), options);","        return generateText(fontName, fontOpts, txt);","    };","","    /*","      takes assigned options and merges them with the default options from the choosen font","     */","    function _reworkFontOpts(fontOpts, options) {","        var myOpts = JSON.parse(JSON.stringify(fontOpts)), // make a copy because we may edit this (see below)","            params,","            prop;","","        /*","         If the user is chosing to use a specific type of layout (e.g., 'full', 'fitted', etc etc)","         Then we need to override the default font options.","         */","        if (typeof options.horizontalLayout !== 'undefined') {","            params = getHorizontalFittingRules(options.horizontalLayout, fontOpts);","            for (prop in params) {","                myOpts.fittingRules[prop] = params[prop];","            }","        }","        if (typeof options.verticalLayout !== 'undefined') {","            params = getVerticalFittingRules(options.verticalLayout, fontOpts);","            for (prop in params) {","                myOpts.fittingRules[prop] = params[prop];","            }","        }","        myOpts.printDirection = (typeof options.printDirection !== 'undefined') ? options.printDirection : fontOpts.printDirection;","        myOpts.showHardBlanks = options.showHardBlanks || false;","","        return myOpts;","    }","","    /*","        Returns metadata about a specfic FIGlet font.","","        Returns:","            next(err, options, headerComment)","            - err: The error if an error occurred, otherwise null/falsey.","            - options (object): The options defined for the font.","            - headerComment (string): The font's header comment.","    */","    me.metadata = function(fontName, next) {","        fontName = fontName + '';","","        /*","            Load the font. If it loads, it's data will be contained in the figFonts object.","            The callback will recieve a fontsOpts object, which contains the default","            options of the font (its fitting rules, etc etc).","        */","        me.loadFont(fontName, function(err, fontOpts) {","            if (err) {","                next(err);","                return;","            }","","            next(null, fontOpts, figFonts[fontName].comment);","        });","    };","","    /*","        Allows you to override defaults. See the definition of the figDefaults object up above","        to see what properties can be overridden.","        Returns the options for the font.","    */","    me.defaults = function(opts) {","        if (typeof opts === 'object' && opts !== null) {","            for (var prop in opts) {","                if (opts.hasOwnProperty(prop)) {","                    figDefaults[prop] = opts[prop];","                }","            }","        }","        return JSON.parse(JSON.stringify(figDefaults));","    };","","    /*","        Parses data from a FIGlet font file and places it into the figFonts object.","    */","    me.parseFont = function(fontName, data) {","        data = data.replace(/\\r\\n/g,\"\\n\").replace(/\\r/g,\"\\n\");","        figFonts[fontName] = {};","","        var lines = data.split(\"\\n\");","        var headerData = lines.splice(0,1)[0].split(\" \");","        var figFont = figFonts[fontName];","        var opts = {};","","        opts.hardBlank = headerData[0].substr(5,1);","        opts.height = parseInt(headerData[1], 10);","        opts.baseline = parseInt(headerData[2], 10);","        opts.maxLength = parseInt(headerData[3], 10);","        opts.oldLayout = parseInt(headerData[4], 10);","        opts.numCommentLines = parseInt(headerData[5], 10);","        opts.printDirection = (headerData.length >= 6) ? parseInt(headerData[6], 10) : 0;","        opts.fullLayout = (headerData.length >= 7) ? parseInt(headerData[7], 10) : null;","        opts.codeTagCount = (headerData.length >= 8) ? parseInt(headerData[8], 10) : null;","        opts.fittingRules = getSmushingRules(opts.oldLayout, opts.fullLayout);","","        figFont.options = opts;","","        // error check","        if (opts.hardBlank.length !== 1 ||","            isNaN(opts.height) ||","            isNaN(opts.baseline) ||","            isNaN(opts.maxLength) ||","            isNaN(opts.oldLayout) ||","            isNaN(opts.numCommentLines) )","        {","            throw new Error('FIGlet header contains invalid values.');","        }","","        /*","            All FIGlet fonts must contain chars 32-126, 196, 214, 220, 228, 246, 252, 223","        */","","        var charNums = [], ii;","        for (ii = 32; ii <= 126; ii++) {","            charNums.push(ii);","        }","        charNums = charNums.concat(196, 214, 220, 228, 246, 252, 223);","","        // error check - validate that there are enough lines in the file","        if (lines.length < (opts.numCommentLines + (opts.height * charNums.length)) ) {","            throw new Error('FIGlet file is missing data.');","        }","","        /*","            Parse out the context of the file and put it into our figFont object","        */","","        var cNum, endCharRegEx, parseError = false;","","        figFont.comment = lines.splice(0,opts.numCommentLines).join(\"\\n\");","        figFont.numChars = 0;","","        while (lines.length > 0 && figFont.numChars < charNums.length) {","            cNum = charNums[figFont.numChars];","            figFont[cNum] = lines.splice(0,opts.height);","            // remove end sub-chars","            for (ii = 0; ii < opts.height; ii++) {","                if (typeof figFont[cNum][ii] === \"undefined\") {","                    figFont[cNum][ii] = \"\";","                } else {","                    endCharRegEx = new RegExp(\"\\\\\"+figFont[cNum][ii].substr(figFont[cNum][ii].length-1,1)+\"+$\");","                    figFont[cNum][ii] = figFont[cNum][ii].replace(endCharRegEx,\"\");","                }","            }","            figFont.numChars++;","        }","","        /*","            Now we check to see if any additional characters are present","        */","","        while (lines.length > 0) {","            cNum = lines.splice(0,1)[0].split(\" \")[0];","            if ( /^0[xX][0-9a-fA-F]+$/.test(cNum) ) {","                cNum = parseInt(cNum, 16);","            } else if ( /^0[0-7]+$/.test(cNum) ) {","                cNum = parseInt(cNum, 8);","            } else if ( /^[0-9]+$/.test(cNum) ) {","                cNum = parseInt(cNum, 10);","            } else if ( /^-0[xX][0-9a-fA-F]+$/.test(cNum) ) {","                cNum = parseInt(cNum, 16);","            } else {","                if (cNum === \"\") {break;}","                // something's wrong","                console.log(\"Invalid data:\"+cNum);","                parseError = true;","                break;","            }","","            figFont[cNum] = lines.splice(0,opts.height);","            // remove end sub-chars","            for (ii = 0; ii < opts.height; ii++) {","                if (typeof figFont[cNum][ii] === \"undefined\") {","                    figFont[cNum][ii] = \"\";","                } else {","                    endCharRegEx = new RegExp(\"\\\\\"+figFont[cNum][ii].substr(figFont[cNum][ii].length-1,1)+\"+$\");","                    figFont[cNum][ii] = figFont[cNum][ii].replace(endCharRegEx,\"\");","                }","            }","            figFont.numChars++;","        }","","        // error check","        if (parseError === true) {","            throw new Error('Error parsing data.');","        }","","        return opts;","    };","","    /*","        Loads a font.","    */","    me.loadFont = function(fontName, next) {","        if (figFonts[fontName]) {","            next(null, figFonts[fontName].options);","            return;","        }","","        if (typeof fetch !== 'function') {","          console.error('figlet.js requires the fetch API or a fetch polyfill such as https://cdnjs.com/libraries/fetch');","          throw new Error('fetch is required for figlet.js to work.')","        }","","        fetch(figDefaults.fontPath + '/' + fontName + '.flf')","            .then(function(response) {","                if(response.ok) {","                    return response.text();","                }","            ","                console.log('Unexpected response', response);","                throw new Error('Network response was not ok.');","            })","            .then(function(text) {","                next(null, me.parseFont(fontName, text));","            })","            .catch(next);","    };","","    /*","        loads a font synchronously, not implemented for the browser","     */","    me.loadFontSync = function(name) {","        if (figFonts[name]) {","          return figFonts[name].options;","        }","        throw new Error('synchronous font loading is not implemented for the browser');","    };","","    /*","        preloads a list of fonts prior to using textSync","        - fonts: an array of font names (i.e. [\"Standard\",\"Soft\"])","        - next: callback function","     */","    me.preloadFonts = function(fonts, next) {","","      if (typeof jQuery === 'undefined') { /* TODO: create common function for jQuery checks */","          throw new Error('jQuery is required for ajax method to work.');","      }","","      jQuery.when.apply(this, fonts.map(function(name){","            return jQuery.get(figDefaults.fontPath + '/' + name + '.flf')","          })).then(function() {","                      var args = fonts.length > 1 ? arguments : [arguments];","                      for(var i in fonts){","                        me.parseFont(fonts[i], args[i][0]);","                      }","                      if(next)next();","          });","    };","","    return me;","})();","","// for node.js","if (typeof module !== 'undefined') {","    if (typeof module.exports !== 'undefined') {","        module.exports = figlet;","    }","}",""],"l":{"17":1,"22":1,"30":1,"31":1,"43":1,"44":0,"45":0,"46":0,"51":0,"52":0,"53":0,"54":0,"55":0,"56":0,"57":0,"58":0,"59":0,"60":0,"62":0,"65":0,"66":0,"67":0,"68":0,"69":0,"71":0,"72":0,"74":0,"77":0,"78":0,"79":0,"83":0,"84":0,"85":0,"87":0,"89":0,"90":0,"91":0,"95":0,"107":1,"108":0,"109":0,"118":1,"119":0,"120":0,"121":0,"122":0,"123":0,"125":0,"136":1,"137":0,"138":0,"139":0,"140":0,"141":0,"142":0,"145":0,"155":1,"156":0,"157":0,"158":0,"159":0,"160":0,"161":0,"164":0,"175":1,"176":0,"177":0,"178":0,"179":0,"180":0,"181":0,"182":0,"185":0,"194":1,"195":0,"196":0,"198":0,"206":1,"207":0,"208":0,"216":1,"217":0,"218":0,"219":0,"220":0,"221":0,"223":0,"231":1,"232":0,"233":0,"234":0,"235":0,"236":0,"237":0,"240":0,"253":1,"254":0,"255":0,"257":0,"274":1,"275":0,"276":0,"278":0,"288":1,"289":0,"290":0,"291":0,"292":0,"294":0,"311":1,"312":0,"313":0,"314":0,"315":0,"317":0,"318":0,"319":0,"320":0,"321":0,"322":0,"323":0,"324":0,"326":0,"327":0,"328":0,"329":0,"330":0,"331":0,"332":0,"333":0,"337":0,"338":0,"340":0,"344":1,"345":0,"346":0,"347":0,"348":0,"349":0,"350":0,"351":0,"353":0,"354":0,"356":0,"357":0,"358":0,"359":0,"360":0,"361":0,"362":0,"363":0,"364":0,"366":0,"367":0,"372":0,"373":0,"374":0,"377":0,"380":1,"381":0,"382":0,"384":0,"385":0,"386":0,"387":0,"388":0,"389":0,"390":0,"391":0,"393":0,"394":0,"395":0,"396":0,"397":0,"398":0,"401":0,"404":0,"407":1,"408":0,"409":0,"410":0,"411":0,"412":0,"413":0,"415":0,"416":0,"417":0,"418":0,"420":0,"422":0,"425":0,"427":0,"430":1,"431":0,"432":0,"433":0,"435":0,"436":0,"440":1,"441":0,"442":0,"443":0,"444":0,"445":0,"446":0,"447":0,"449":0,"450":0,"456":1,"457":0,"458":0,"459":0,"460":0,"461":0,"462":0,"463":0,"464":0,"466":0,"467":0,"468":0,"469":0,"470":0,"471":0,"472":0,"473":0,"474":0,"475":0,"476":0,"477":0,"478":0,"480":0,"482":0,"483":0,"485":0,"486":0,"487":0,"488":0,"489":0,"490":0,"492":0,"493":0,"494":0,"499":0,"500":0,"502":0,"505":1,"506":0,"509":0,"510":0,"511":0,"512":0,"513":0,"514":0,"515":0,"516":0,"519":0,"520":0,"522":0,"523":0,"524":0,"526":0,"527":0,"528":0,"529":0,"530":0,"533":0,"534":0,"535":0,"536":0,"537":0,"538":0,"539":0,"540":0,"541":0,"544":0,"548":0,"549":0,"551":0,"553":0,"555":0,"558":1,"559":0,"560":0,"561":0,"563":0,"564":0,"566":0,"567":0,"568":0,"569":0,"570":0,"571":0,"572":0,"573":0,"575":0,"577":0,"581":0,"582":0,"583":0,"584":0,"587":0,"593":1,"594":0,"596":0,"597":0,"598":0,"600":0,"601":0,"602":0,"603":0,"604":0,"605":0,"606":0,"607":0,"609":0,"611":0,"614":1,"615":0,"617":0,"618":0,"619":0,"621":0,"622":0,"623":0,"624":0,"625":0,"626":0,"627":0,"628":0,"630":0,"632":0,"641":1,"642":0,"643":0,"644":0,"645":0,"646":0,"647":0,"648":0,"650":0,"651":0,"652":0,"653":0,"656":0,"677":1,"678":0,"680":1,"681":0,"684":0,"686":0,"687":0,"688":0,"689":0,"692":0,"693":0,"694":0,"696":0,"697":0,"705":0,"706":0,"707":0,"710":0,"718":1,"719":0,"722":0,"724":0,"725":0,"726":0,"728":0,"729":0,"732":0,"733":0,"739":1,"740":0,"748":0,"749":0,"750":0,"751":0,"754":0,"755":0,"756":0,"757":0,"760":0,"761":0,"763":0,"775":1,"776":0,"783":0,"784":0,"785":0,"786":0,"789":0,"798":1,"799":0,"800":0,"801":0,"802":0,"806":0,"812":1,"813":0,"814":0,"816":0,"817":0,"818":0,"819":0,"821":0,"822":0,"823":0,"824":0,"825":0,"826":0,"827":0,"828":0,"829":0,"830":0,"832":0,"835":0,"842":0,"849":0,"850":0,"851":0,"853":0,"856":0,"857":0,"864":0,"866":0,"867":0,"869":0,"870":0,"871":0,"873":0,"874":0,"875":0,"877":0,"878":0,"881":0,"888":0,"889":0,"890":0,"891":0,"892":0,"893":0,"894":0,"895":0,"896":0,"897":0,"899":0,"901":0,"902":0,"903":0,"906":0,"908":0,"909":0,"910":0,"912":0,"913":0,"916":0,"920":0,"921":0,"924":0,"930":1,"931":0,"932":0,"933":0,"936":0,"937":0,"938":0,"941":0,"943":0,"944":0,"947":0,"948":0,"951":0,"959":1,"960":0,"961":0,"963":0,"971":1,"973":0,"974":0,"977":0,"978":0,"980":0,"981":0,"982":0,"984":0,"988":1,"992":1,"993":1,"994":1}},"/home/travis/build/npmtest/node-npmtest-figlet/node_modules/figlet/Gruntfile.js":{"path":"/home/travis/build/npmtest/node-npmtest-figlet/node_modules/figlet/Gruntfile.js","s":{"1":1,"2":0,"3":0,"4":0,"5":0,"6":0,"7":0},"b":{},"f":{"1":0},"fnMap":{"1":{"name":"(anonymous_1)","line":3,"loc":{"start":{"line":3,"column":17},"end":{"line":3,"column":33}}}},"statementMap":{"1":{"start":{"line":3,"column":0},"end":{"line":42,"column":2}},"2":{"start":{"line":6,"column":4},"end":{"line":28,"column":7}},"3":{"start":{"line":31,"column":4},"end":{"line":31,"column":47}},"4":{"start":{"line":32,"column":4},"end":{"line":32,"column":46}},"5":{"start":{"line":33,"column":4},"end":{"line":33,"column":49}},"6":{"start":{"line":37,"column":4},"end":{"line":37,"column":54}},"7":{"start":{"line":40,"column":4},"end":{"line":40,"column":54}}},"branchMap":{},"code":["'use strict';","","module.exports = function(grunt) {","","    // Project configuration.","    grunt.initConfig({","        jshint: {","            all: [","                'Gruntfile.js',","                'lib/*.js',","                '<%= nodeunit.tests %>',","            ],","            options: {","                jshintrc: '.jshintrc',","            },","        },","","        // Before generating any new files, remove any previously-created files.","        clean: {","            tests: ['tmp'],","        },","","        // Unit tests.","        nodeunit: {","            tests: ['test/*_test.js'],","        },","        ","    });","","    // These plugins provide necessary tasks.","    grunt.loadNpmTasks('grunt-contrib-jshint');","    grunt.loadNpmTasks('grunt-contrib-clean');","    grunt.loadNpmTasks('grunt-contrib-nodeunit');","    ","    // Whenever the \"test\" task is run, first clean the \"tmp\" dir, then run this","    // plugin's task(s), then test the result.","    grunt.registerTask('test', ['clean', 'nodeunit']);","","    // By default, lint and run all tests.","    grunt.registerTask('default', ['jshint', 'test']);","","};"],"l":{"3":1,"6":0,"31":0,"32":0,"33":0,"37":0,"40":0}}}